{"C:\\Users\\plmin\\Desktop\\doroProjekt\\Frontend\\src\\api\\apiClient.ts": {"path":"C:\\Users\\plmin\\Desktop\\doroProjekt\\Frontend\\src\\api\\apiClient.ts","statementMap":{"0":{"start":{"line":3,"column":25},"end":{"line":8,"column":null}},"1":{"start":{"line":10,"column":13},"end":{"line":19,"column":null}},"2":{"start":{"line":11,"column":4},"end":{"line":11,"column":null}},"3":{"start":{"line":11,"column":56},"end":{"line":11,"column":null}},"4":{"start":{"line":12,"column":20},"end":{"line":12,"column":null}},"5":{"start":{"line":13,"column":4},"end":{"line":15,"column":null}},"6":{"start":{"line":14,"column":8},"end":{"line":14,"column":null}},"7":{"start":{"line":16,"column":24},"end":{"line":16,"column":null}},"8":{"start":{"line":17,"column":22},"end":{"line":17,"column":null}},"9":{"start":{"line":18,"column":4},"end":{"line":18,"column":null}},"10":{"start":{"line":21,"column":13},"end":{"line":32,"column":null}},"11":{"start":{"line":22,"column":4},"end":{"line":22,"column":null}},"12":{"start":{"line":22,"column":61},"end":{"line":22,"column":null}},"13":{"start":{"line":23,"column":4},"end":{"line":31,"column":null}},"14":{"start":{"line":24,"column":22},"end":{"line":24,"column":null}},"15":{"start":{"line":25,"column":8},"end":{"line":25,"column":null}},"16":{"start":{"line":25,"column":32},"end":{"line":25,"column":null}},"17":{"start":{"line":26,"column":24},"end":{"line":26,"column":null}},"18":{"start":{"line":27,"column":8},"end":{"line":27,"column":null}},"19":{"start":{"line":27,"column":26},"end":{"line":27,"column":null}},"20":{"start":{"line":28,"column":8},"end":{"line":28,"column":null}},"21":{"start":{"line":30,"column":8},"end":{"line":30,"column":null}},"22":{"start":{"line":34,"column":13},"end":{"line":42,"column":null}},"23":{"start":{"line":35,"column":4},"end":{"line":35,"column":null}},"24":{"start":{"line":36,"column":4},"end":{"line":36,"column":null}},"25":{"start":{"line":37,"column":4},"end":{"line":37,"column":null}},"26":{"start":{"line":38,"column":4},"end":{"line":38,"column":null}},"27":{"start":{"line":39,"column":4},"end":{"line":39,"column":null}},"28":{"start":{"line":40,"column":4},"end":{"line":40,"column":null}},"29":{"start":{"line":41,"column":4},"end":{"line":41,"column":null}},"30":{"start":{"line":44,"column":19},"end":{"line":44,"column":null}},"31":{"start":{"line":46,"column":13},"end":{"line":60,"column":null}},"32":{"start":{"line":47,"column":4},"end":{"line":47,"column":null}},"33":{"start":{"line":47,"column":22},"end":{"line":47,"column":null}},"34":{"start":{"line":48,"column":4},"end":{"line":48,"column":null}},"35":{"start":{"line":49,"column":4},"end":{"line":49,"column":null}},"36":{"start":{"line":51,"column":4},"end":{"line":55,"column":null}},"37":{"start":{"line":57,"column":4},"end":{"line":59,"column":null}},"38":{"start":{"line":58,"column":8},"end":{"line":58,"column":null}},"39":{"start":{"line":62,"column":0},"end":{"line":75,"column":null}},"40":{"start":{"line":64,"column":22},"end":{"line":64,"column":null}},"41":{"start":{"line":65,"column":8},"end":{"line":71,"column":null}},"42":{"start":{"line":66,"column":12},"end":{"line":69,"column":null}},"43":{"start":{"line":67,"column":16},"end":{"line":67,"column":null}},"44":{"start":{"line":68,"column":16},"end":{"line":68,"column":null}},"45":{"start":{"line":70,"column":12},"end":{"line":70,"column":null}},"46":{"start":{"line":72,"column":8},"end":{"line":72,"column":null}},"47":{"start":{"line":74,"column":15},"end":{"line":74,"column":null}},"48":{"start":{"line":77,"column":0},"end":{"line":89,"column":null}},"49":{"start":{"line":78,"column":18},"end":{"line":78,"column":null}},"50":{"start":{"line":80,"column":8},"end":{"line":86,"column":null}},"51":{"start":{"line":81,"column":12},"end":{"line":81,"column":null}},"52":{"start":{"line":82,"column":26},"end":{"line":82,"column":null}},"53":{"start":{"line":83,"column":12},"end":{"line":85,"column":null}},"54":{"start":{"line":84,"column":16},"end":{"line":84,"column":null}},"55":{"start":{"line":87,"column":8},"end":{"line":87,"column":null}},"56":{"start":{"line":91,"column":23},"end":{"line":102,"column":null}},"57":{"start":{"line":93,"column":8},"end":{"line":93,"column":null}},"58":{"start":{"line":96,"column":8},"end":{"line":96,"column":null}},"59":{"start":{"line":99,"column":24},"end":{"line":99,"column":null}},"60":{"start":{"line":100,"column":8},"end":{"line":100,"column":null}},"61":{"start":{"line":104,"column":23},"end":{"line":124,"column":null}},"62":{"start":{"line":106,"column":8},"end":{"line":106,"column":null}},"63":{"start":{"line":109,"column":8},"end":{"line":109,"column":null}},"64":{"start":{"line":112,"column":8},"end":{"line":112,"column":null}},"65":{"start":{"line":115,"column":8},"end":{"line":115,"column":null}},"66":{"start":{"line":118,"column":25},"end":{"line":118,"column":null}},"67":{"start":{"line":119,"column":8},"end":{"line":119,"column":null}},"68":{"start":{"line":120,"column":8},"end":{"line":122,"column":null}},"69":{"start":{"line":126,"column":30},"end":{"line":144,"column":null}},"70":{"start":{"line":128,"column":8},"end":{"line":128,"column":null}},"71":{"start":{"line":131,"column":8},"end":{"line":131,"column":null}},"72":{"start":{"line":134,"column":8},"end":{"line":134,"column":null}},"73":{"start":{"line":137,"column":8},"end":{"line":137,"column":null}},"74":{"start":{"line":140,"column":8},"end":{"line":140,"column":null}},"75":{"start":{"line":143,"column":8},"end":{"line":143,"column":null}},"76":{"start":{"line":146,"column":27},"end":{"line":169,"column":null}},"77":{"start":{"line":148,"column":8},"end":{"line":148,"column":null}},"78":{"start":{"line":151,"column":8},"end":{"line":151,"column":null}},"79":{"start":{"line":154,"column":8},"end":{"line":154,"column":null}},"80":{"start":{"line":157,"column":8},"end":{"line":157,"column":null}},"81":{"start":{"line":160,"column":25},"end":{"line":160,"column":null}},"82":{"start":{"line":161,"column":8},"end":{"line":161,"column":null}},"83":{"start":{"line":162,"column":8},"end":{"line":164,"column":null}},"84":{"start":{"line":168,"column":8},"end":{"line":168,"column":null}},"85":{"start":{"line":171,"column":23},"end":{"line":214,"column":null}},"86":{"start":{"line":173,"column":8},"end":{"line":173,"column":null}},"87":{"start":{"line":176,"column":8},"end":{"line":181,"column":null}},"88":{"start":{"line":184,"column":8},"end":{"line":188,"column":null}},"89":{"start":{"line":191,"column":8},"end":{"line":191,"column":null}},"90":{"start":{"line":194,"column":8},"end":{"line":194,"column":null}},"91":{"start":{"line":197,"column":8},"end":{"line":197,"column":null}},"92":{"start":{"line":200,"column":8},"end":{"line":204,"column":null}},"93":{"start":{"line":207,"column":8},"end":{"line":210,"column":null}},"94":{"start":{"line":213,"column":8},"end":{"line":213,"column":null}},"95":{"start":{"line":216,"column":25},"end":{"line":253,"column":null}},"96":{"start":{"line":225,"column":10},"end":{"line":225,"column":null}},"97":{"start":{"line":228,"column":8},"end":{"line":228,"column":null}},"98":{"start":{"line":231,"column":8},"end":{"line":231,"column":null}},"99":{"start":{"line":234,"column":8},"end":{"line":234,"column":null}},"100":{"start":{"line":237,"column":8},"end":{"line":237,"column":null}},"101":{"start":{"line":240,"column":8},"end":{"line":240,"column":null}},"102":{"start":{"line":243,"column":8},"end":{"line":243,"column":null}},"103":{"start":{"line":246,"column":8},"end":{"line":246,"column":null}},"104":{"start":{"line":249,"column":8},"end":{"line":249,"column":null}},"105":{"start":{"line":252,"column":8},"end":{"line":252,"column":null}},"106":{"start":{"line":255,"column":26},"end":{"line":267,"column":null}},"107":{"start":{"line":257,"column":8},"end":{"line":257,"column":null}},"108":{"start":{"line":260,"column":8},"end":{"line":263,"column":null}},"109":{"start":{"line":266,"column":8},"end":{"line":266,"column":null}},"110":{"start":{"line":269,"column":31},"end":{"line":275,"column":null}},"111":{"start":{"line":271,"column":8},"end":{"line":271,"column":null}},"112":{"start":{"line":274,"column":8},"end":{"line":274,"column":null}},"113":{"start":{"line":277,"column":27},"end":{"line":283,"column":null}},"114":{"start":{"line":279,"column":8},"end":{"line":279,"column":null}},"115":{"start":{"line":282,"column":8},"end":{"line":282,"column":null}},"116":{"start":{"line":285,"column":24},"end":{"line":316,"column":null}},"117":{"start":{"line":287,"column":28},"end":{"line":287,"column":null}},"118":{"start":{"line":288,"column":8},"end":{"line":288,"column":null}},"119":{"start":{"line":288,"column":20},"end":{"line":288,"column":null}},"120":{"start":{"line":289,"column":8},"end":{"line":289,"column":null}},"121":{"start":{"line":289,"column":18},"end":{"line":289,"column":null}},"122":{"start":{"line":290,"column":8},"end":{"line":290,"column":null}},"123":{"start":{"line":294,"column":8},"end":{"line":294,"column":null}},"124":{"start":{"line":297,"column":8},"end":{"line":297,"column":null}},"125":{"start":{"line":300,"column":28},"end":{"line":300,"column":null}},"126":{"start":{"line":301,"column":8},"end":{"line":301,"column":null}},"127":{"start":{"line":301,"column":20},"end":{"line":301,"column":null}},"128":{"start":{"line":302,"column":8},"end":{"line":302,"column":null}},"129":{"start":{"line":306,"column":8},"end":{"line":306,"column":null}},"130":{"start":{"line":309,"column":8},"end":{"line":309,"column":null}},"131":{"start":{"line":312,"column":8},"end":{"line":312,"column":null}},"132":{"start":{"line":315,"column":8},"end":{"line":315,"column":null}},"133":{"start":{"line":318,"column":26},"end":{"line":327,"column":null}},"134":{"start":{"line":320,"column":8},"end":{"line":320,"column":null}},"135":{"start":{"line":323,"column":8},"end":{"line":323,"column":null}},"136":{"start":{"line":326,"column":8},"end":{"line":326,"column":null}},"137":{"start":{"line":329,"column":19},"end":{"line":341,"column":null}}},"fnMap":{"0":{"name":"(anonymous_0)","decl":{"start":{"line":10,"column":13},"end":{"line":10,"column":29}},"loc":{"start":{"line":10,"column":79},"end":{"line":19,"column":null}},"line":10},"1":{"name":"(anonymous_1)","decl":{"start":{"line":21,"column":13},"end":{"line":21,"column":31}},"loc":{"start":{"line":21,"column":65},"end":{"line":32,"column":null}},"line":21},"2":{"name":"(anonymous_2)","decl":{"start":{"line":34,"column":13},"end":{"line":34,"column":38}},"loc":{"start":{"line":34,"column":38},"end":{"line":42,"column":null}},"line":34},"3":{"name":"(anonymous_3)","decl":{"start":{"line":46,"column":13},"end":{"line":46,"column":27}},"loc":{"start":{"line":46,"column":47},"end":{"line":60,"column":null}},"line":46},"4":{"name":"(anonymous_4)","decl":{"start":{"line":57,"column":4},"end":{"line":57,"column":21}},"loc":{"start":{"line":57,"column":21},"end":{"line":59,"column":7}},"line":57},"5":{"name":"(anonymous_5)","decl":{"start":{"line":62,"column":31},"end":{"line":62,"column":null}},"loc":{"start":{"line":63,"column":16},"end":{"line":73,"column":null}},"line":63},"6":{"name":"(anonymous_6)","decl":{"start":{"line":73,"column":4},"end":{"line":73,"column":null}},"loc":{"start":{"line":74,"column":15},"end":{"line":74,"column":null}},"line":74},"7":{"name":"(anonymous_7)","decl":{"start":{"line":77,"column":32},"end":{"line":77,"column":null}},"loc":{"start":{"line":78,"column":18},"end":{"line":78,"column":null}},"line":78},"8":{"name":"(anonymous_8)","decl":{"start":{"line":78,"column":18},"end":{"line":78,"column":null}},"loc":{"start":{"line":79,"column":15},"end":{"line":88,"column":null}},"line":79},"9":{"name":"(anonymous_9)","decl":{"start":{"line":92,"column":4},"end":{"line":92,"column":12}},"loc":{"start":{"line":93,"column":8},"end":{"line":93,"column":null}},"line":93},"10":{"name":"(anonymous_10)","decl":{"start":{"line":95,"column":4},"end":{"line":95,"column":15}},"loc":{"start":{"line":96,"column":8},"end":{"line":96,"column":null}},"line":96},"11":{"name":"(anonymous_11)","decl":{"start":{"line":98,"column":4},"end":{"line":98,"column":29}},"loc":{"start":{"line":98,"column":29},"end":{"line":101,"column":null}},"line":98},"12":{"name":"(anonymous_12)","decl":{"start":{"line":105,"column":4},"end":{"line":105,"column":17}},"loc":{"start":{"line":106,"column":8},"end":{"line":106,"column":null}},"line":106},"13":{"name":"(anonymous_13)","decl":{"start":{"line":108,"column":4},"end":{"line":108,"column":null}},"loc":{"start":{"line":109,"column":8},"end":{"line":109,"column":null}},"line":109},"14":{"name":"(anonymous_14)","decl":{"start":{"line":111,"column":4},"end":{"line":111,"column":16}},"loc":{"start":{"line":112,"column":8},"end":{"line":112,"column":null}},"line":112},"15":{"name":"(anonymous_15)","decl":{"start":{"line":114,"column":4},"end":{"line":114,"column":20}},"loc":{"start":{"line":115,"column":8},"end":{"line":115,"column":null}},"line":115},"16":{"name":"(anonymous_16)","decl":{"start":{"line":117,"column":4},"end":{"line":117,"column":19}},"loc":{"start":{"line":117,"column":59},"end":{"line":123,"column":null}},"line":117},"17":{"name":"(anonymous_17)","decl":{"start":{"line":127,"column":4},"end":{"line":127,"column":null}},"loc":{"start":{"line":128,"column":8},"end":{"line":128,"column":null}},"line":128},"18":{"name":"(anonymous_18)","decl":{"start":{"line":130,"column":4},"end":{"line":130,"column":14}},"loc":{"start":{"line":131,"column":8},"end":{"line":131,"column":null}},"line":131},"19":{"name":"(anonymous_19)","decl":{"start":{"line":133,"column":4},"end":{"line":133,"column":17}},"loc":{"start":{"line":134,"column":8},"end":{"line":134,"column":null}},"line":134},"20":{"name":"(anonymous_20)","decl":{"start":{"line":136,"column":4},"end":{"line":136,"column":13}},"loc":{"start":{"line":137,"column":8},"end":{"line":137,"column":null}},"line":137},"21":{"name":"(anonymous_21)","decl":{"start":{"line":139,"column":4},"end":{"line":139,"column":13}},"loc":{"start":{"line":140,"column":8},"end":{"line":140,"column":null}},"line":140},"22":{"name":"(anonymous_22)","decl":{"start":{"line":142,"column":4},"end":{"line":142,"column":13}},"loc":{"start":{"line":143,"column":8},"end":{"line":143,"column":null}},"line":143},"23":{"name":"(anonymous_23)","decl":{"start":{"line":147,"column":4},"end":{"line":147,"column":null}},"loc":{"start":{"line":148,"column":8},"end":{"line":148,"column":null}},"line":148},"24":{"name":"(anonymous_24)","decl":{"start":{"line":150,"column":4},"end":{"line":150,"column":22}},"loc":{"start":{"line":151,"column":8},"end":{"line":151,"column":null}},"line":151},"25":{"name":"(anonymous_25)","decl":{"start":{"line":153,"column":4},"end":{"line":153,"column":13}},"loc":{"start":{"line":154,"column":8},"end":{"line":154,"column":null}},"line":154},"26":{"name":"(anonymous_26)","decl":{"start":{"line":156,"column":4},"end":{"line":156,"column":13}},"loc":{"start":{"line":157,"column":8},"end":{"line":157,"column":null}},"line":157},"27":{"name":"(anonymous_27)","decl":{"start":{"line":159,"column":4},"end":{"line":159,"column":18}},"loc":{"start":{"line":159,"column":58},"end":{"line":165,"column":null}},"line":159},"28":{"name":"(anonymous_28)","decl":{"start":{"line":167,"column":4},"end":{"line":167,"column":13}},"loc":{"start":{"line":168,"column":8},"end":{"line":168,"column":null}},"line":168},"29":{"name":"(anonymous_29)","decl":{"start":{"line":172,"column":4},"end":{"line":172,"column":14}},"loc":{"start":{"line":173,"column":8},"end":{"line":173,"column":null}},"line":173},"30":{"name":"(anonymous_30)","decl":{"start":{"line":175,"column":4},"end":{"line":175,"column":14}},"loc":{"start":{"line":176,"column":8},"end":{"line":181,"column":null}},"line":176},"31":{"name":"(anonymous_31)","decl":{"start":{"line":183,"column":4},"end":{"line":183,"column":17}},"loc":{"start":{"line":184,"column":8},"end":{"line":188,"column":null}},"line":184},"32":{"name":"(anonymous_32)","decl":{"start":{"line":190,"column":4},"end":{"line":190,"column":null}},"loc":{"start":{"line":191,"column":8},"end":{"line":191,"column":null}},"line":191},"33":{"name":"(anonymous_33)","decl":{"start":{"line":193,"column":4},"end":{"line":193,"column":20}},"loc":{"start":{"line":194,"column":8},"end":{"line":194,"column":null}},"line":194},"34":{"name":"(anonymous_34)","decl":{"start":{"line":196,"column":4},"end":{"line":196,"column":19}},"loc":{"start":{"line":197,"column":8},"end":{"line":197,"column":null}},"line":197},"35":{"name":"(anonymous_35)","decl":{"start":{"line":199,"column":4},"end":{"line":199,"column":19}},"loc":{"start":{"line":200,"column":8},"end":{"line":204,"column":null}},"line":200},"36":{"name":"(anonymous_36)","decl":{"start":{"line":206,"column":4},"end":{"line":206,"column":22}},"loc":{"start":{"line":207,"column":8},"end":{"line":210,"column":null}},"line":207},"37":{"name":"(anonymous_37)","decl":{"start":{"line":212,"column":4},"end":{"line":212,"column":21}},"loc":{"start":{"line":213,"column":8},"end":{"line":213,"column":null}},"line":213},"38":{"name":"(anonymous_38)","decl":{"start":{"line":217,"column":4},"end":{"line":217,"column":18}},"loc":{"start":{"line":225,"column":10},"end":{"line":225,"column":null}},"line":225},"39":{"name":"(anonymous_39)","decl":{"start":{"line":227,"column":4},"end":{"line":227,"column":20}},"loc":{"start":{"line":228,"column":8},"end":{"line":228,"column":null}},"line":228},"40":{"name":"(anonymous_40)","decl":{"start":{"line":230,"column":4},"end":{"line":230,"column":26}},"loc":{"start":{"line":231,"column":8},"end":{"line":231,"column":null}},"line":231},"41":{"name":"(anonymous_41)","decl":{"start":{"line":233,"column":4},"end":{"line":233,"column":18}},"loc":{"start":{"line":234,"column":8},"end":{"line":234,"column":null}},"line":234},"42":{"name":"(anonymous_42)","decl":{"start":{"line":236,"column":4},"end":{"line":236,"column":18}},"loc":{"start":{"line":237,"column":8},"end":{"line":237,"column":null}},"line":237},"43":{"name":"(anonymous_43)","decl":{"start":{"line":239,"column":4},"end":{"line":239,"column":20}},"loc":{"start":{"line":240,"column":8},"end":{"line":240,"column":null}},"line":240},"44":{"name":"(anonymous_44)","decl":{"start":{"line":242,"column":4},"end":{"line":242,"column":19}},"loc":{"start":{"line":243,"column":8},"end":{"line":243,"column":null}},"line":243},"45":{"name":"(anonymous_45)","decl":{"start":{"line":245,"column":4},"end":{"line":245,"column":20}},"loc":{"start":{"line":246,"column":8},"end":{"line":246,"column":null}},"line":246},"46":{"name":"(anonymous_46)","decl":{"start":{"line":248,"column":4},"end":{"line":248,"column":25}},"loc":{"start":{"line":249,"column":8},"end":{"line":249,"column":null}},"line":249},"47":{"name":"(anonymous_47)","decl":{"start":{"line":251,"column":4},"end":{"line":251,"column":27}},"loc":{"start":{"line":252,"column":8},"end":{"line":252,"column":null}},"line":252},"48":{"name":"(anonymous_48)","decl":{"start":{"line":256,"column":4},"end":{"line":256,"column":null}},"loc":{"start":{"line":257,"column":8},"end":{"line":257,"column":null}},"line":257},"49":{"name":"(anonymous_49)","decl":{"start":{"line":259,"column":4},"end":{"line":259,"column":16}},"loc":{"start":{"line":260,"column":8},"end":{"line":263,"column":null}},"line":260},"50":{"name":"(anonymous_50)","decl":{"start":{"line":265,"column":4},"end":{"line":265,"column":21}},"loc":{"start":{"line":266,"column":8},"end":{"line":266,"column":null}},"line":266},"51":{"name":"(anonymous_51)","decl":{"start":{"line":270,"column":4},"end":{"line":270,"column":26}},"loc":{"start":{"line":271,"column":8},"end":{"line":271,"column":null}},"line":271},"52":{"name":"(anonymous_52)","decl":{"start":{"line":273,"column":4},"end":{"line":273,"column":23}},"loc":{"start":{"line":274,"column":8},"end":{"line":274,"column":null}},"line":274},"53":{"name":"(anonymous_53)","decl":{"start":{"line":278,"column":4},"end":{"line":278,"column":26}},"loc":{"start":{"line":279,"column":8},"end":{"line":279,"column":null}},"line":279},"54":{"name":"(anonymous_54)","decl":{"start":{"line":281,"column":4},"end":{"line":281,"column":20}},"loc":{"start":{"line":282,"column":8},"end":{"line":282,"column":null}},"line":282},"55":{"name":"(anonymous_55)","decl":{"start":{"line":286,"column":4},"end":{"line":286,"column":18}},"loc":{"start":{"line":286,"column":53},"end":{"line":291,"column":null}},"line":286},"56":{"name":"(anonymous_56)","decl":{"start":{"line":293,"column":4},"end":{"line":293,"column":21}},"loc":{"start":{"line":294,"column":8},"end":{"line":294,"column":null}},"line":294},"57":{"name":"(anonymous_57)","decl":{"start":{"line":296,"column":4},"end":{"line":296,"column":17}},"loc":{"start":{"line":297,"column":8},"end":{"line":297,"column":null}},"line":297},"58":{"name":"(anonymous_58)","decl":{"start":{"line":299,"column":4},"end":{"line":299,"column":24}},"loc":{"start":{"line":299,"column":44},"end":{"line":303,"column":null}},"line":299},"59":{"name":"(anonymous_59)","decl":{"start":{"line":305,"column":4},"end":{"line":305,"column":null}},"loc":{"start":{"line":306,"column":8},"end":{"line":306,"column":null}},"line":306},"60":{"name":"(anonymous_60)","decl":{"start":{"line":308,"column":4},"end":{"line":308,"column":19}},"loc":{"start":{"line":309,"column":8},"end":{"line":309,"column":null}},"line":309},"61":{"name":"(anonymous_61)","decl":{"start":{"line":311,"column":4},"end":{"line":311,"column":19}},"loc":{"start":{"line":312,"column":8},"end":{"line":312,"column":null}},"line":312},"62":{"name":"(anonymous_62)","decl":{"start":{"line":314,"column":4},"end":{"line":314,"column":19}},"loc":{"start":{"line":315,"column":8},"end":{"line":315,"column":null}},"line":315},"63":{"name":"(anonymous_63)","decl":{"start":{"line":319,"column":4},"end":{"line":319,"column":27}},"loc":{"start":{"line":320,"column":8},"end":{"line":320,"column":null}},"line":320},"64":{"name":"(anonymous_64)","decl":{"start":{"line":322,"column":4},"end":{"line":322,"column":16}},"loc":{"start":{"line":323,"column":8},"end":{"line":323,"column":null}},"line":323},"65":{"name":"(anonymous_65)","decl":{"start":{"line":325,"column":4},"end":{"line":325,"column":19}},"loc":{"start":{"line":326,"column":8},"end":{"line":326,"column":null}},"line":326}},"branchMap":{"0":{"loc":{"start":{"line":4,"column":13},"end":{"line":4,"column":null}},"type":"binary-expr","locations":[{"start":{"line":4,"column":13},"end":{"line":4,"column":45}},{"start":{"line":4,"column":45},"end":{"line":4,"column":null}}],"line":4},"1":{"loc":{"start":{"line":11,"column":4},"end":{"line":11,"column":null}},"type":"if","locations":[{"start":{"line":11,"column":4},"end":{"line":11,"column":null}},{"start":{},"end":{}}],"line":11},"2":{"loc":{"start":{"line":11,"column":8},"end":{"line":11,"column":56}},"type":"binary-expr","locations":[{"start":{"line":11,"column":8},"end":{"line":11,"column":16}},{"start":{"line":11,"column":16},"end":{"line":11,"column":43}},{"start":{"line":11,"column":43},"end":{"line":11,"column":56}}],"line":11},"3":{"loc":{"start":{"line":13,"column":4},"end":{"line":15,"column":null}},"type":"if","locations":[{"start":{"line":13,"column":4},"end":{"line":15,"column":null}},{"start":{},"end":{}}],"line":13},"4":{"loc":{"start":{"line":13,"column":8},"end":{"line":13,"column":73}},"type":"binary-expr","locations":[{"start":{"line":13,"column":8},"end":{"line":13,"column":41}},{"start":{"line":13,"column":41},"end":{"line":13,"column":73}}],"line":13},"5":{"loc":{"start":{"line":16,"column":24},"end":{"line":16,"column":null}},"type":"binary-expr","locations":[{"start":{"line":16,"column":24},"end":{"line":16,"column":56}},{"start":{"line":16,"column":56},"end":{"line":16,"column":null}}],"line":16},"6":{"loc":{"start":{"line":17,"column":22},"end":{"line":17,"column":null}},"type":"cond-expr","locations":[{"start":{"line":17,"column":48},"end":{"line":17,"column":58}},{"start":{"line":17,"column":58},"end":{"line":17,"column":null}}],"line":17},"7":{"loc":{"start":{"line":22,"column":4},"end":{"line":22,"column":null}},"type":"if","locations":[{"start":{"line":22,"column":4},"end":{"line":22,"column":null}},{"start":{},"end":{}}],"line":22},"8":{"loc":{"start":{"line":22,"column":8},"end":{"line":22,"column":61}},"type":"binary-expr","locations":[{"start":{"line":22,"column":8},"end":{"line":22,"column":18}},{"start":{"line":22,"column":18},"end":{"line":22,"column":38}},{"start":{"line":22,"column":38},"end":{"line":22,"column":61}}],"line":22},"9":{"loc":{"start":{"line":25,"column":8},"end":{"line":25,"column":null}},"type":"if","locations":[{"start":{"line":25,"column":8},"end":{"line":25,"column":null}},{"start":{},"end":{}}],"line":25},"10":{"loc":{"start":{"line":27,"column":8},"end":{"line":27,"column":null}},"type":"if","locations":[{"start":{"line":27,"column":8},"end":{"line":27,"column":null}},{"start":{},"end":{}}],"line":27},"11":{"loc":{"start":{"line":47,"column":4},"end":{"line":47,"column":null}},"type":"if","locations":[{"start":{"line":47,"column":4},"end":{"line":47,"column":null}},{"start":{},"end":{}}],"line":47},"12":{"loc":{"start":{"line":53,"column":21},"end":{"line":53,"column":null}},"type":"binary-expr","locations":[{"start":{"line":53,"column":21},"end":{"line":53,"column":31}},{"start":{"line":53,"column":31},"end":{"line":53,"column":null}}],"line":53},"13":{"loc":{"start":{"line":65,"column":8},"end":{"line":71,"column":null}},"type":"if","locations":[{"start":{"line":65,"column":8},"end":{"line":71,"column":null}},{"start":{},"end":{}}],"line":65},"14":{"loc":{"start":{"line":65,"column":12},"end":{"line":65,"column":64}},"type":"binary-expr","locations":[{"start":{"line":65,"column":12},"end":{"line":65,"column":21}},{"start":{"line":65,"column":21},"end":{"line":65,"column":46}},{"start":{"line":65,"column":46},"end":{"line":65,"column":64}}],"line":65},"15":{"loc":{"start":{"line":66,"column":12},"end":{"line":69,"column":null}},"type":"if","locations":[{"start":{"line":66,"column":12},"end":{"line":69,"column":null}},{"start":{},"end":{}}],"line":66},"16":{"loc":{"start":{"line":80,"column":8},"end":{"line":86,"column":null}},"type":"if","locations":[{"start":{"line":80,"column":8},"end":{"line":86,"column":null}},{"start":{},"end":{}}],"line":80},"17":{"loc":{"start":{"line":83,"column":12},"end":{"line":85,"column":null}},"type":"if","locations":[{"start":{"line":83,"column":12},"end":{"line":85,"column":null}},{"start":{},"end":{}}],"line":83},"18":{"loc":{"start":{"line":99,"column":24},"end":{"line":99,"column":null}},"type":"binary-expr","locations":[{"start":{"line":99,"column":24},"end":{"line":99,"column":54}},{"start":{"line":99,"column":54},"end":{"line":99,"column":null}}],"line":99},"19":{"loc":{"start":{"line":175,"column":58},"end":{"line":175,"column":80}},"type":"default-arg","locations":[{"start":{"line":175,"column":77},"end":{"line":175,"column":80}}],"line":175},"20":{"loc":{"start":{"line":175,"column":80},"end":{"line":175,"column":null}},"type":"default-arg","locations":[{"start":{"line":175,"column":104},"end":{"line":175,"column":null}}],"line":175},"21":{"loc":{"start":{"line":199,"column":57},"end":{"line":199,"column":79}},"type":"default-arg","locations":[{"start":{"line":199,"column":76},"end":{"line":199,"column":79}}],"line":199},"22":{"loc":{"start":{"line":199,"column":79},"end":{"line":199,"column":null}},"type":"default-arg","locations":[{"start":{"line":199,"column":103},"end":{"line":199,"column":null}}],"line":199},"23":{"loc":{"start":{"line":288,"column":8},"end":{"line":288,"column":null}},"type":"if","locations":[{"start":{"line":288,"column":8},"end":{"line":288,"column":null}},{"start":{},"end":{}}],"line":288},"24":{"loc":{"start":{"line":289,"column":8},"end":{"line":289,"column":null}},"type":"if","locations":[{"start":{"line":289,"column":8},"end":{"line":289,"column":null}},{"start":{},"end":{}}],"line":289},"25":{"loc":{"start":{"line":301,"column":8},"end":{"line":301,"column":null}},"type":"if","locations":[{"start":{"line":301,"column":8},"end":{"line":301,"column":null}},{"start":{},"end":{}}],"line":301}},"s":{"0":0,"1":0,"2":0,"3":0,"4":0,"5":0,"6":0,"7":0,"8":0,"9":0,"10":0,"11":0,"12":0,"13":0,"14":0,"15":0,"16":0,"17":0,"18":0,"19":0,"20":0,"21":0,"22":0,"23":0,"24":0,"25":0,"26":0,"27":0,"28":0,"29":0,"30":0,"31":0,"32":0,"33":0,"34":0,"35":0,"36":0,"37":0,"38":0,"39":0,"40":0,"41":0,"42":0,"43":0,"44":0,"45":0,"46":0,"47":0,"48":0,"49":0,"50":0,"51":0,"52":0,"53":0,"54":0,"55":0,"56":0,"57":0,"58":0,"59":0,"60":0,"61":0,"62":0,"63":0,"64":0,"65":0,"66":0,"67":0,"68":0,"69":0,"70":0,"71":0,"72":0,"73":0,"74":0,"75":0,"76":0,"77":0,"78":0,"79":0,"80":0,"81":0,"82":0,"83":0,"84":0,"85":0,"86":0,"87":0,"88":0,"89":0,"90":0,"91":0,"92":0,"93":0,"94":0,"95":0,"96":0,"97":0,"98":0,"99":0,"100":0,"101":0,"102":0,"103":0,"104":0,"105":0,"106":0,"107":0,"108":0,"109":0,"110":0,"111":0,"112":0,"113":0,"114":0,"115":0,"116":0,"117":0,"118":0,"119":0,"120":0,"121":0,"122":0,"123":0,"124":0,"125":0,"126":0,"127":0,"128":0,"129":0,"130":0,"131":0,"132":0,"133":0,"134":0,"135":0,"136":0,"137":0},"f":{"0":0,"1":0,"2":0,"3":0,"4":0,"5":0,"6":0,"7":0,"8":0,"9":0,"10":0,"11":0,"12":0,"13":0,"14":0,"15":0,"16":0,"17":0,"18":0,"19":0,"20":0,"21":0,"22":0,"23":0,"24":0,"25":0,"26":0,"27":0,"28":0,"29":0,"30":0,"31":0,"32":0,"33":0,"34":0,"35":0,"36":0,"37":0,"38":0,"39":0,"40":0,"41":0,"42":0,"43":0,"44":0,"45":0,"46":0,"47":0,"48":0,"49":0,"50":0,"51":0,"52":0,"53":0,"54":0,"55":0,"56":0,"57":0,"58":0,"59":0,"60":0,"61":0,"62":0,"63":0,"64":0,"65":0},"b":{"0":[0,0],"1":[0,0],"2":[0,0,0],"3":[0,0],"4":[0,0],"5":[0,0],"6":[0,0],"7":[0,0],"8":[0,0,0],"9":[0,0],"10":[0,0],"11":[0,0],"12":[0,0],"13":[0,0],"14":[0,0,0],"15":[0,0],"16":[0,0],"17":[0,0],"18":[0,0],"19":[0],"20":[0],"21":[0],"22":[0],"23":[0,0],"24":[0,0],"25":[0,0]},"meta":{"lastBranch":26,"lastFunction":66,"lastStatement":138,"seen":{"s:3:25:8:Infinity":0,"b:4:13:4:45:4:45:4:Infinity":0,"s:10:13:19:Infinity":1,"f:10:13:10:29":0,"b:11:4:11:Infinity:undefined:undefined:undefined:undefined":1,"s:11:4:11:Infinity":2,"b:11:8:11:16:11:16:11:43:11:43:11:56":2,"s:11:56:11:Infinity":3,"s:12:20:12:Infinity":4,"b:13:4:15:Infinity:undefined:undefined:undefined:undefined":3,"s:13:4:15:Infinity":5,"b:13:8:13:41:13:41:13:73":4,"s:14:8:14:Infinity":6,"s:16:24:16:Infinity":7,"b:16:24:16:56:16:56:16:Infinity":5,"s:17:22:17:Infinity":8,"b:17:48:17:58:17:58:17:Infinity":6,"s:18:4:18:Infinity":9,"s:21:13:32:Infinity":10,"f:21:13:21:31":1,"b:22:4:22:Infinity:undefined:undefined:undefined:undefined":7,"s:22:4:22:Infinity":11,"b:22:8:22:18:22:18:22:38:22:38:22:61":8,"s:22:61:22:Infinity":12,"s:23:4:31:Infinity":13,"s:24:22:24:Infinity":14,"b:25:8:25:Infinity:undefined:undefined:undefined:undefined":9,"s:25:8:25:Infinity":15,"s:25:32:25:Infinity":16,"s:26:24:26:Infinity":17,"b:27:8:27:Infinity:undefined:undefined:undefined:undefined":10,"s:27:8:27:Infinity":18,"s:27:26:27:Infinity":19,"s:28:8:28:Infinity":20,"s:30:8:30:Infinity":21,"s:34:13:42:Infinity":22,"f:34:13:34:38":2,"s:35:4:35:Infinity":23,"s:36:4:36:Infinity":24,"s:37:4:37:Infinity":25,"s:38:4:38:Infinity":26,"s:39:4:39:Infinity":27,"s:40:4:40:Infinity":28,"s:41:4:41:Infinity":29,"s:44:19:44:Infinity":30,"s:46:13:60:Infinity":31,"f:46:13:46:27":3,"b:47:4:47:Infinity:undefined:undefined:undefined:undefined":11,"s:47:4:47:Infinity":32,"s:47:22:47:Infinity":33,"s:48:4:48:Infinity":34,"s:49:4:49:Infinity":35,"s:51:4:55:Infinity":36,"b:53:21:53:31:53:31:53:Infinity":12,"s:57:4:59:Infinity":37,"f:57:4:57:21":4,"s:58:8:58:Infinity":38,"s:62:0:75:Infinity":39,"f:62:31:62:Infinity":5,"s:64:22:64:Infinity":40,"b:65:8:71:Infinity:undefined:undefined:undefined:undefined":13,"s:65:8:71:Infinity":41,"b:65:12:65:21:65:21:65:46:65:46:65:64":14,"b:66:12:69:Infinity:undefined:undefined:undefined:undefined":15,"s:66:12:69:Infinity":42,"s:67:16:67:Infinity":43,"s:68:16:68:Infinity":44,"s:70:12:70:Infinity":45,"s:72:8:72:Infinity":46,"f:73:4:73:Infinity":6,"s:74:15:74:Infinity":47,"s:77:0:89:Infinity":48,"f:77:32:77:Infinity":7,"s:78:18:78:Infinity":49,"f:78:18:78:Infinity":8,"b:80:8:86:Infinity:undefined:undefined:undefined:undefined":16,"s:80:8:86:Infinity":50,"s:81:12:81:Infinity":51,"s:82:26:82:Infinity":52,"b:83:12:85:Infinity:undefined:undefined:undefined:undefined":17,"s:83:12:85:Infinity":53,"s:84:16:84:Infinity":54,"s:87:8:87:Infinity":55,"s:91:23:102:Infinity":56,"f:92:4:92:12":9,"s:93:8:93:Infinity":57,"f:95:4:95:15":10,"s:96:8:96:Infinity":58,"f:98:4:98:29":11,"s:99:24:99:Infinity":59,"b:99:24:99:54:99:54:99:Infinity":18,"s:100:8:100:Infinity":60,"s:104:23:124:Infinity":61,"f:105:4:105:17":12,"s:106:8:106:Infinity":62,"f:108:4:108:Infinity":13,"s:109:8:109:Infinity":63,"f:111:4:111:16":14,"s:112:8:112:Infinity":64,"f:114:4:114:20":15,"s:115:8:115:Infinity":65,"f:117:4:117:19":16,"s:118:25:118:Infinity":66,"s:119:8:119:Infinity":67,"s:120:8:122:Infinity":68,"s:126:30:144:Infinity":69,"f:127:4:127:Infinity":17,"s:128:8:128:Infinity":70,"f:130:4:130:14":18,"s:131:8:131:Infinity":71,"f:133:4:133:17":19,"s:134:8:134:Infinity":72,"f:136:4:136:13":20,"s:137:8:137:Infinity":73,"f:139:4:139:13":21,"s:140:8:140:Infinity":74,"f:142:4:142:13":22,"s:143:8:143:Infinity":75,"s:146:27:169:Infinity":76,"f:147:4:147:Infinity":23,"s:148:8:148:Infinity":77,"f:150:4:150:22":24,"s:151:8:151:Infinity":78,"f:153:4:153:13":25,"s:154:8:154:Infinity":79,"f:156:4:156:13":26,"s:157:8:157:Infinity":80,"f:159:4:159:18":27,"s:160:25:160:Infinity":81,"s:161:8:161:Infinity":82,"s:162:8:164:Infinity":83,"f:167:4:167:13":28,"s:168:8:168:Infinity":84,"s:171:23:214:Infinity":85,"f:172:4:172:14":29,"s:173:8:173:Infinity":86,"f:175:4:175:14":30,"s:176:8:181:Infinity":87,"b:175:77:175:80":19,"b:175:104:175:Infinity":20,"f:183:4:183:17":31,"s:184:8:188:Infinity":88,"f:190:4:190:Infinity":32,"s:191:8:191:Infinity":89,"f:193:4:193:20":33,"s:194:8:194:Infinity":90,"f:196:4:196:19":34,"s:197:8:197:Infinity":91,"f:199:4:199:19":35,"s:200:8:204:Infinity":92,"b:199:76:199:79":21,"b:199:103:199:Infinity":22,"f:206:4:206:22":36,"s:207:8:210:Infinity":93,"f:212:4:212:21":37,"s:213:8:213:Infinity":94,"s:216:25:253:Infinity":95,"f:217:4:217:18":38,"s:225:10:225:Infinity":96,"f:227:4:227:20":39,"s:228:8:228:Infinity":97,"f:230:4:230:26":40,"s:231:8:231:Infinity":98,"f:233:4:233:18":41,"s:234:8:234:Infinity":99,"f:236:4:236:18":42,"s:237:8:237:Infinity":100,"f:239:4:239:20":43,"s:240:8:240:Infinity":101,"f:242:4:242:19":44,"s:243:8:243:Infinity":102,"f:245:4:245:20":45,"s:246:8:246:Infinity":103,"f:248:4:248:25":46,"s:249:8:249:Infinity":104,"f:251:4:251:27":47,"s:252:8:252:Infinity":105,"s:255:26:267:Infinity":106,"f:256:4:256:Infinity":48,"s:257:8:257:Infinity":107,"f:259:4:259:16":49,"s:260:8:263:Infinity":108,"f:265:4:265:21":50,"s:266:8:266:Infinity":109,"s:269:31:275:Infinity":110,"f:270:4:270:26":51,"s:271:8:271:Infinity":111,"f:273:4:273:23":52,"s:274:8:274:Infinity":112,"s:277:27:283:Infinity":113,"f:278:4:278:26":53,"s:279:8:279:Infinity":114,"f:281:4:281:20":54,"s:282:8:282:Infinity":115,"s:285:24:316:Infinity":116,"f:286:4:286:18":55,"s:287:28:287:Infinity":117,"b:288:8:288:Infinity:undefined:undefined:undefined:undefined":23,"s:288:8:288:Infinity":118,"s:288:20:288:Infinity":119,"b:289:8:289:Infinity:undefined:undefined:undefined:undefined":24,"s:289:8:289:Infinity":120,"s:289:18:289:Infinity":121,"s:290:8:290:Infinity":122,"f:293:4:293:21":56,"s:294:8:294:Infinity":123,"f:296:4:296:17":57,"s:297:8:297:Infinity":124,"f:299:4:299:24":58,"s:300:28:300:Infinity":125,"b:301:8:301:Infinity:undefined:undefined:undefined:undefined":25,"s:301:8:301:Infinity":126,"s:301:20:301:Infinity":127,"s:302:8:302:Infinity":128,"f:305:4:305:Infinity":59,"s:306:8:306:Infinity":129,"f:308:4:308:19":60,"s:309:8:309:Infinity":130,"f:311:4:311:19":61,"s:312:8:312:Infinity":131,"f:314:4:314:19":62,"s:315:8:315:Infinity":132,"s:318:26:327:Infinity":133,"f:319:4:319:27":63,"s:320:8:320:Infinity":134,"f:322:4:322:16":64,"s:323:8:323:Infinity":135,"f:325:4:325:19":65,"s:326:8:326:Infinity":136,"s:329:19:341:Infinity":137},"fnNames":{}}}
,"C:\\Users\\plmin\\Desktop\\doroProjekt\\Frontend\\src\\components\\AchievementsScreen.tsx": {"path":"C:\\Users\\plmin\\Desktop\\doroProjekt\\Frontend\\src\\components\\AchievementsScreen.tsx","statementMap":{"0":{"start":{"line":24,"column":18},"end":{"line":24,"column":33}},"1":{"start":{"line":25,"column":42},"end":{"line":25,"column":null}},"2":{"start":{"line":26,"column":34},"end":{"line":26,"column":null}},"3":{"start":{"line":27,"column":19},"end":{"line":27,"column":29}},"4":{"start":{"line":29,"column":10},"end":{"line":44,"column":null}},"5":{"start":{"line":30,"column":23},"end":{"line":30,"column":null}},"6":{"start":{"line":32,"column":8},"end":{"line":36,"column":null}},"7":{"start":{"line":33,"column":12},"end":{"line":33,"column":null}},"8":{"start":{"line":34,"column":12},"end":{"line":34,"column":null}},"9":{"start":{"line":35,"column":12},"end":{"line":35,"column":null}},"10":{"start":{"line":38,"column":8},"end":{"line":43,"column":null}},"11":{"start":{"line":40,"column":16},"end":{"line":40,"column":null}},"12":{"start":{"line":42,"column":28},"end":{"line":42,"column":46}},"13":{"start":{"line":43,"column":27},"end":{"line":43,"column":44}},"14":{"start":{"line":46,"column":4},"end":{"line":48,"column":null}},"15":{"start":{"line":47,"column":8},"end":{"line":47,"column":null}},"16":{"start":{"line":50,"column":26},"end":{"line":75,"column":null}},"17":{"start":{"line":51,"column":23},"end":{"line":51,"column":null}},"18":{"start":{"line":53,"column":8},"end":{"line":56,"column":null}},"19":{"start":{"line":54,"column":12},"end":{"line":54,"column":null}},"20":{"start":{"line":55,"column":12},"end":{"line":55,"column":null}},"21":{"start":{"line":58,"column":8},"end":{"line":74,"column":null}},"22":{"start":{"line":59,"column":29},"end":{"line":59,"column":null}},"23":{"start":{"line":60,"column":25},"end":{"line":60,"column":null}},"24":{"start":{"line":62,"column":12},"end":{"line":62,"column":null}},"25":{"start":{"line":64,"column":12},"end":{"line":64,"column":null}},"26":{"start":{"line":65,"column":12},"end":{"line":65,"column":null}},"27":{"start":{"line":67,"column":12},"end":{"line":67,"column":null}},"28":{"start":{"line":69,"column":12},"end":{"line":73,"column":null}},"29":{"start":{"line":77,"column":4},"end":{"line":154,"column":null}},"30":{"start":{"line":99,"column":24},"end":{"line":150,"column":null}},"31":{"start":{"line":142,"column":47},"end":{"line":142,"column":null}}},"fnMap":{"0":{"name":"AchievementsScreen","decl":{"start":{"line":23,"column":16},"end":{"line":23,"column":35}},"loc":{"start":{"line":23,"column":76},"end":{"line":156,"column":null}},"line":23},"1":{"name":"(anonymous_1)","decl":{"start":{"line":29,"column":10},"end":{"line":29,"column":35}},"loc":{"start":{"line":29,"column":35},"end":{"line":44,"column":null}},"line":29},"2":{"name":"(anonymous_2)","decl":{"start":{"line":39,"column":13},"end":{"line":39,"column":19}},"loc":{"start":{"line":39,"column":32},"end":{"line":41,"column":13}},"line":39},"3":{"name":"(anonymous_3)","decl":{"start":{"line":42,"column":13},"end":{"line":42,"column":20}},"loc":{"start":{"line":42,"column":28},"end":{"line":42,"column":46}},"line":42},"4":{"name":"(anonymous_4)","decl":{"start":{"line":43,"column":13},"end":{"line":43,"column":27}},"loc":{"start":{"line":43,"column":27},"end":{"line":43,"column":44}},"line":43},"5":{"name":"(anonymous_5)","decl":{"start":{"line":46,"column":4},"end":{"line":46,"column":20}},"loc":{"start":{"line":46,"column":20},"end":{"line":48,"column":7}},"line":46},"6":{"name":"(anonymous_6)","decl":{"start":{"line":50,"column":26},"end":{"line":50,"column":33}},"loc":{"start":{"line":50,"column":59},"end":{"line":75,"column":null}},"line":50},"7":{"name":"(anonymous_7)","decl":{"start":{"line":98,"column":33},"end":{"line":98,"column":38}},"loc":{"start":{"line":99,"column":24},"end":{"line":150,"column":null}},"line":99},"8":{"name":"(anonymous_8)","decl":{"start":{"line":142,"column":32},"end":{"line":142,"column":47}},"loc":{"start":{"line":142,"column":47},"end":{"line":142,"column":null}},"line":142}},"branchMap":{"0":{"loc":{"start":{"line":32,"column":8},"end":{"line":36,"column":null}},"type":"if","locations":[{"start":{"line":32,"column":8},"end":{"line":36,"column":null}},{"start":{},"end":{}}],"line":32},"1":{"loc":{"start":{"line":53,"column":8},"end":{"line":56,"column":null}},"type":"if","locations":[{"start":{"line":53,"column":8},"end":{"line":56,"column":null}},{"start":{},"end":{}}],"line":53},"2":{"loc":{"start":{"line":64,"column":50},"end":{"line":64,"column":66}},"type":"binary-expr","locations":[{"start":{"line":64,"column":50},"end":{"line":64,"column":65}},{"start":{"line":64,"column":65},"end":{"line":64,"column":66}}],"line":64},"3":{"loc":{"start":{"line":70,"column":16},"end":{"line":71,"column":null}},"type":"binary-expr","locations":[{"start":{"line":70,"column":16},"end":{"line":70,"column":null}},{"start":{"line":71,"column":16},"end":{"line":71,"column":null}}],"line":70},"4":{"loc":{"start":{"line":94,"column":13},"end":{"line":152,"column":null}},"type":"cond-expr","locations":[{"start":{"line":95,"column":16},"end":{"line":97,"column":17}},{"start":{"line":97,"column":16},"end":{"line":152,"column":null}}],"line":94},"5":{"loc":{"start":{"line":101,"column":32},"end":{"line":101,"column":null}},"type":"cond-expr","locations":[{"start":{"line":101,"column":54},"end":{"line":101,"column":79}},{"start":{"line":101,"column":79},"end":{"line":101,"column":null}}],"line":101},"6":{"loc":{"start":{"line":106,"column":33},"end":{"line":106,"column":null}},"type":"binary-expr","locations":[{"start":{"line":106,"column":33},"end":{"line":106,"column":54}},{"start":{"line":106,"column":54},"end":{"line":106,"column":null}}],"line":106},"7":{"loc":{"start":{"line":117,"column":45},"end":{"line":117,"column":113}},"type":"binary-expr","locations":[{"start":{"line":117,"column":45},"end":{"line":117,"column":65}},{"start":{"line":117,"column":65},"end":{"line":117,"column":113}}],"line":117},"8":{"loc":{"start":{"line":129,"column":45},"end":{"line":133,"column":null}},"type":"cond-expr","locations":[{"start":{"line":130,"column":50},"end":{"line":130,"column":null}},{"start":{"line":131,"column":50},"end":{"line":133,"column":null}}],"line":129},"9":{"loc":{"start":{"line":131,"column":50},"end":{"line":133,"column":null}},"type":"cond-expr","locations":[{"start":{"line":132,"column":54},"end":{"line":132,"column":null}},{"start":{"line":133,"column":54},"end":{"line":133,"column":null}}],"line":131},"10":{"loc":{"start":{"line":141,"column":42},"end":{"line":141,"column":null}},"type":"binary-expr","locations":[{"start":{"line":141,"column":42},"end":{"line":141,"column":66}},{"start":{"line":141,"column":66},"end":{"line":141,"column":null}}],"line":141},"11":{"loc":{"start":{"line":144,"column":33},"end":{"line":148,"column":null}},"type":"cond-expr","locations":[{"start":{"line":145,"column":38},"end":{"line":145,"column":null}},{"start":{"line":146,"column":38},"end":{"line":148,"column":null}}],"line":144},"12":{"loc":{"start":{"line":146,"column":38},"end":{"line":148,"column":null}},"type":"cond-expr","locations":[{"start":{"line":147,"column":42},"end":{"line":147,"column":null}},{"start":{"line":148,"column":42},"end":{"line":148,"column":null}}],"line":146}},"s":{"0":4,"1":4,"2":4,"3":4,"4":4,"5":2,"6":2,"7":0,"8":0,"9":0,"10":2,"11":2,"12":0,"13":2,"14":4,"15":1,"16":4,"17":1,"18":1,"19":0,"20":0,"21":1,"22":1,"23":1,"24":1,"25":1,"26":1,"27":1,"28":0,"29":4,"30":2,"31":1},"f":{"0":4,"1":2,"2":2,"3":0,"4":2,"5":1,"6":1,"7":2,"8":1},"b":{"0":[0,2],"1":[0,1],"2":[1,0],"3":[0,0],"4":[1,2],"5":[2,0],"6":[2,0],"7":[2,0],"8":[0,2],"9":[2,0],"10":[2,2],"11":[0,2],"12":[2,0]},"meta":{"lastBranch":13,"lastFunction":9,"lastStatement":32,"seen":{"f:23:16:23:35":0,"s:24:18:24:33":0,"s:25:42:25:Infinity":1,"s:26:34:26:Infinity":2,"s:27:19:27:29":3,"s:29:10:44:Infinity":4,"f:29:10:29:35":1,"s:30:23:30:Infinity":5,"b:32:8:36:Infinity:undefined:undefined:undefined:undefined":0,"s:32:8:36:Infinity":6,"s:33:12:33:Infinity":7,"s:34:12:34:Infinity":8,"s:35:12:35:Infinity":9,"s:38:8:43:Infinity":10,"f:39:13:39:19":2,"s:40:16:40:Infinity":11,"f:42:13:42:20":3,"s:42:28:42:46":12,"f:43:13:43:27":4,"s:43:27:43:44":13,"s:46:4:48:Infinity":14,"f:46:4:46:20":5,"s:47:8:47:Infinity":15,"s:50:26:75:Infinity":16,"f:50:26:50:33":6,"s:51:23:51:Infinity":17,"b:53:8:56:Infinity:undefined:undefined:undefined:undefined":1,"s:53:8:56:Infinity":18,"s:54:12:54:Infinity":19,"s:55:12:55:Infinity":20,"s:58:8:74:Infinity":21,"s:59:29:59:Infinity":22,"s:60:25:60:Infinity":23,"s:62:12:62:Infinity":24,"s:64:12:64:Infinity":25,"b:64:50:64:65:64:65:64:66":2,"s:65:12:65:Infinity":26,"s:67:12:67:Infinity":27,"s:69:12:73:Infinity":28,"b:70:16:70:Infinity:71:16:71:Infinity":3,"s:77:4:154:Infinity":29,"b:95:16:97:17:97:16:152:Infinity":4,"f:98:33:98:38":7,"s:99:24:150:Infinity":30,"b:101:54:101:79:101:79:101:Infinity":5,"b:106:33:106:54:106:54:106:Infinity":6,"b:117:45:117:65:117:65:117:113":7,"b:130:50:130:Infinity:131:50:133:Infinity":8,"b:132:54:132:Infinity:133:54:133:Infinity":9,"b:141:42:141:66:141:66:141:Infinity":10,"f:142:32:142:47":8,"s:142:47:142:Infinity":31,"b:145:38:145:Infinity:146:38:148:Infinity":11,"b:147:42:147:Infinity:148:42:148:Infinity":12},"fnNames":{}}}
,"C:\\Users\\plmin\\Desktop\\doroProjekt\\Frontend\\src\\components\\AdminPanelScreen.tsx": {"path":"C:\\Users\\plmin\\Desktop\\doroProjekt\\Frontend\\src\\components\\AdminPanelScreen.tsx","statementMap":{"0":{"start":{"line":57,"column":16},"end":{"line":57,"column":31}},"1":{"start":{"line":58,"column":17},"end":{"line":58,"column":27}},"2":{"start":{"line":60,"column":36},"end":{"line":60,"column":null}},"3":{"start":{"line":61,"column":28},"end":{"line":61,"column":null}},"4":{"start":{"line":62,"column":40},"end":{"line":62,"column":null}},"5":{"start":{"line":63,"column":32},"end":{"line":63,"column":null}},"6":{"start":{"line":64,"column":28},"end":{"line":64,"column":null}},"7":{"start":{"line":65,"column":36},"end":{"line":65,"column":null}},"8":{"start":{"line":67,"column":40},"end":{"line":67,"column":null}},"9":{"start":{"line":68,"column":38},"end":{"line":68,"column":null}},"10":{"start":{"line":69,"column":44},"end":{"line":69,"column":null}},"11":{"start":{"line":71,"column":48},"end":{"line":71,"column":null}},"12":{"start":{"line":72,"column":50},"end":{"line":72,"column":null}},"13":{"start":{"line":73,"column":48},"end":{"line":73,"column":null}},"14":{"start":{"line":74,"column":44},"end":{"line":74,"column":null}},"15":{"start":{"line":75,"column":44},"end":{"line":75,"column":null}},"16":{"start":{"line":76,"column":44},"end":{"line":76,"column":null}},"17":{"start":{"line":77,"column":42},"end":{"line":77,"column":null}},"18":{"start":{"line":78,"column":44},"end":{"line":78,"column":null}},"19":{"start":{"line":79,"column":40},"end":{"line":79,"column":null}},"20":{"start":{"line":80,"column":46},"end":{"line":80,"column":null}},"21":{"start":{"line":81,"column":48},"end":{"line":81,"column":null}},"22":{"start":{"line":83,"column":52},"end":{"line":83,"column":null}},"23":{"start":{"line":84,"column":38},"end":{"line":84,"column":null}},"24":{"start":{"line":85,"column":48},"end":{"line":85,"column":null}},"25":{"start":{"line":86,"column":40},"end":{"line":86,"column":null}},"26":{"start":{"line":87,"column":38},"end":{"line":87,"column":null}},"27":{"start":{"line":88,"column":40},"end":{"line":88,"column":null}},"28":{"start":{"line":89,"column":42},"end":{"line":89,"column":null}},"29":{"start":{"line":90,"column":40},"end":{"line":90,"column":null}},"30":{"start":{"line":92,"column":44},"end":{"line":95,"column":null}},"31":{"start":{"line":97,"column":27},"end":{"line":117,"column":null}},"32":{"start":{"line":98,"column":19},"end":{"line":98,"column":null}},"33":{"start":{"line":99,"column":4},"end":{"line":103,"column":null}},"34":{"start":{"line":100,"column":6},"end":{"line":100,"column":null}},"35":{"start":{"line":101,"column":6},"end":{"line":101,"column":null}},"36":{"start":{"line":102,"column":6},"end":{"line":102,"column":null}},"37":{"start":{"line":105,"column":4},"end":{"line":116,"column":null}},"38":{"start":{"line":106,"column":18},"end":{"line":106,"column":null}},"39":{"start":{"line":107,"column":6},"end":{"line":111,"column":null}},"40":{"start":{"line":108,"column":8},"end":{"line":108,"column":null}},"41":{"start":{"line":109,"column":8},"end":{"line":109,"column":null}},"42":{"start":{"line":110,"column":8},"end":{"line":110,"column":null}},"43":{"start":{"line":112,"column":6},"end":{"line":112,"column":null}},"44":{"start":{"line":114,"column":6},"end":{"line":114,"column":null}},"45":{"start":{"line":115,"column":6},"end":{"line":115,"column":null}},"46":{"start":{"line":119,"column":21},"end":{"line":126,"column":null}},"47":{"start":{"line":120,"column":4},"end":{"line":125,"column":null}},"48":{"start":{"line":121,"column":18},"end":{"line":121,"column":null}},"49":{"start":{"line":122,"column":6},"end":{"line":122,"column":null}},"50":{"start":{"line":124,"column":6},"end":{"line":124,"column":null}},"51":{"start":{"line":128,"column":21},"end":{"line":144,"column":null}},"52":{"start":{"line":129,"column":4},"end":{"line":129,"column":null}},"53":{"start":{"line":130,"column":4},"end":{"line":143,"column":null}},"54":{"start":{"line":131,"column":18},"end":{"line":131,"column":null}},"55":{"start":{"line":132,"column":6},"end":{"line":132,"column":null}},"56":{"start":{"line":133,"column":53},"end":{"line":133,"column":null}},"57":{"start":{"line":134,"column":6},"end":{"line":136,"column":null}},"58":{"start":{"line":135,"column":8},"end":{"line":135,"column":null}},"59":{"start":{"line":137,"column":6},"end":{"line":137,"column":null}},"60":{"start":{"line":139,"column":6},"end":{"line":139,"column":null}},"61":{"start":{"line":140,"column":6},"end":{"line":140,"column":null}},"62":{"start":{"line":142,"column":6},"end":{"line":142,"column":null}},"63":{"start":{"line":146,"column":27},"end":{"line":157,"column":null}},"64":{"start":{"line":147,"column":4},"end":{"line":147,"column":null}},"65":{"start":{"line":148,"column":4},"end":{"line":156,"column":null}},"66":{"start":{"line":149,"column":18},"end":{"line":149,"column":null}},"67":{"start":{"line":150,"column":6},"end":{"line":150,"column":null}},"68":{"start":{"line":152,"column":6},"end":{"line":152,"column":null}},"69":{"start":{"line":153,"column":6},"end":{"line":153,"column":null}},"70":{"start":{"line":155,"column":6},"end":{"line":155,"column":null}},"71":{"start":{"line":159,"column":23},"end":{"line":170,"column":null}},"72":{"start":{"line":160,"column":4},"end":{"line":160,"column":null}},"73":{"start":{"line":161,"column":4},"end":{"line":169,"column":null}},"74":{"start":{"line":162,"column":18},"end":{"line":162,"column":null}},"75":{"start":{"line":163,"column":6},"end":{"line":163,"column":null}},"76":{"start":{"line":165,"column":6},"end":{"line":165,"column":null}},"77":{"start":{"line":166,"column":6},"end":{"line":166,"column":null}},"78":{"start":{"line":168,"column":6},"end":{"line":168,"column":null}},"79":{"start":{"line":172,"column":2},"end":{"line":184,"column":null}},"80":{"start":{"line":173,"column":4},"end":{"line":183,"column":null}},"81":{"start":{"line":174,"column":6},"end":{"line":182,"column":null}},"82":{"start":{"line":175,"column":8},"end":{"line":175,"column":null}},"83":{"start":{"line":176,"column":8},"end":{"line":181,"column":null}},"84":{"start":{"line":176,"column":35},"end":{"line":176,"column":null}},"85":{"start":{"line":177,"column":13},"end":{"line":181,"column":null}},"86":{"start":{"line":178,"column":10},"end":{"line":178,"column":null}},"87":{"start":{"line":179,"column":10},"end":{"line":179,"column":null}},"88":{"start":{"line":179,"column":34},"end":{"line":179,"column":null}},"89":{"start":{"line":181,"column":13},"end":{"line":181,"column":null}},"90":{"start":{"line":181,"column":42},"end":{"line":181,"column":null}},"91":{"start":{"line":186,"column":27},"end":{"line":195,"column":null}},"92":{"start":{"line":187,"column":20},"end":{"line":187,"column":null}},"93":{"start":{"line":188,"column":4},"end":{"line":194,"column":null}},"94":{"start":{"line":189,"column":6},"end":{"line":189,"column":null}},"95":{"start":{"line":190,"column":6},"end":{"line":190,"column":null}},"96":{"start":{"line":191,"column":6},"end":{"line":191,"column":null}},"97":{"start":{"line":193,"column":6},"end":{"line":193,"column":null}},"98":{"start":{"line":197,"column":8},"end":{"line":211,"column":null}},"99":{"start":{"line":198,"column":4},"end":{"line":210,"column":null}},"100":{"start":{"line":201,"column":8},"end":{"line":208,"column":null}},"101":{"start":{"line":202,"column":10},"end":{"line":202,"column":null}},"102":{"start":{"line":203,"column":10},"end":{"line":203,"column":null}},"103":{"start":{"line":204,"column":10},"end":{"line":204,"column":null}},"104":{"start":{"line":205,"column":10},"end":{"line":205,"column":null}},"105":{"start":{"line":207,"column":10},"end":{"line":207,"column":null}},"106":{"start":{"line":213,"column":33},"end":{"line":228,"column":null}},"107":{"start":{"line":214,"column":4},"end":{"line":227,"column":null}},"108":{"start":{"line":215,"column":6},"end":{"line":221,"column":null}},"109":{"start":{"line":222,"column":6},"end":{"line":222,"column":null}},"110":{"start":{"line":223,"column":6},"end":{"line":223,"column":null}},"111":{"start":{"line":224,"column":6},"end":{"line":224,"column":null}},"112":{"start":{"line":226,"column":6},"end":{"line":226,"column":null}},"113":{"start":{"line":230,"column":8},"end":{"line":240,"column":null}},"114":{"start":{"line":231,"column":4},"end":{"line":231,"column":null}},"115":{"start":{"line":232,"column":4},"end":{"line":232,"column":null}},"116":{"start":{"line":233,"column":4},"end":{"line":233,"column":null}},"117":{"start":{"line":234,"column":4},"end":{"line":234,"column":null}},"118":{"start":{"line":235,"column":4},"end":{"line":235,"column":null}},"119":{"start":{"line":236,"column":4},"end":{"line":236,"column":null}},"120":{"start":{"line":237,"column":4},"end":{"line":237,"column":null}},"121":{"start":{"line":238,"column":4},"end":{"line":238,"column":null}},"122":{"start":{"line":239,"column":4},"end":{"line":239,"column":null}},"123":{"start":{"line":242,"column":8},"end":{"line":252,"column":null}},"124":{"start":{"line":243,"column":4},"end":{"line":243,"column":null}},"125":{"start":{"line":244,"column":4},"end":{"line":244,"column":null}},"126":{"start":{"line":245,"column":4},"end":{"line":245,"column":null}},"127":{"start":{"line":246,"column":4},"end":{"line":246,"column":null}},"128":{"start":{"line":247,"column":4},"end":{"line":247,"column":null}},"129":{"start":{"line":248,"column":4},"end":{"line":248,"column":null}},"130":{"start":{"line":249,"column":4},"end":{"line":249,"column":null}},"131":{"start":{"line":250,"column":4},"end":{"line":250,"column":null}},"132":{"start":{"line":251,"column":4},"end":{"line":251,"column":null}},"133":{"start":{"line":254,"column":31},"end":{"line":284,"column":null}},"134":{"start":{"line":255,"column":4},"end":{"line":258,"column":null}},"135":{"start":{"line":256,"column":6},"end":{"line":256,"column":null}},"136":{"start":{"line":257,"column":6},"end":{"line":257,"column":null}},"137":{"start":{"line":260,"column":20},"end":{"line":266,"column":null}},"138":{"start":{"line":268,"column":20},"end":{"line":268,"column":null}},"139":{"start":{"line":270,"column":4},"end":{"line":283,"column":null}},"140":{"start":{"line":271,"column":6},"end":{"line":277,"column":null}},"141":{"start":{"line":272,"column":8},"end":{"line":272,"column":null}},"142":{"start":{"line":273,"column":8},"end":{"line":273,"column":null}},"143":{"start":{"line":275,"column":8},"end":{"line":275,"column":null}},"144":{"start":{"line":276,"column":8},"end":{"line":276,"column":null}},"145":{"start":{"line":278,"column":6},"end":{"line":278,"column":null}},"146":{"start":{"line":279,"column":6},"end":{"line":279,"column":null}},"147":{"start":{"line":280,"column":6},"end":{"line":280,"column":null}},"148":{"start":{"line":282,"column":6},"end":{"line":282,"column":null}},"149":{"start":{"line":286,"column":8},"end":{"line":300,"column":null}},"150":{"start":{"line":287,"column":4},"end":{"line":299,"column":null}},"151":{"start":{"line":290,"column":8},"end":{"line":297,"column":null}},"152":{"start":{"line":291,"column":10},"end":{"line":291,"column":null}},"153":{"start":{"line":292,"column":10},"end":{"line":292,"column":null}},"154":{"start":{"line":293,"column":10},"end":{"line":293,"column":null}},"155":{"start":{"line":294,"column":10},"end":{"line":294,"column":null}},"156":{"start":{"line":296,"column":10},"end":{"line":296,"column":null}},"157":{"start":{"line":302,"column":8},"end":{"line":312,"column":null}},"158":{"start":{"line":303,"column":4},"end":{"line":310,"column":null}},"159":{"start":{"line":311,"column":4},"end":{"line":311,"column":null}},"160":{"start":{"line":314,"column":8},"end":{"line":323,"column":null}},"161":{"start":{"line":315,"column":4},"end":{"line":315,"column":null}},"162":{"start":{"line":316,"column":4},"end":{"line":316,"column":null}},"163":{"start":{"line":317,"column":4},"end":{"line":317,"column":null}},"164":{"start":{"line":318,"column":4},"end":{"line":318,"column":null}},"165":{"start":{"line":319,"column":4},"end":{"line":319,"column":null}},"166":{"start":{"line":320,"column":4},"end":{"line":320,"column":null}},"167":{"start":{"line":321,"column":4},"end":{"line":321,"column":null}},"168":{"start":{"line":322,"column":4},"end":{"line":322,"column":null}},"169":{"start":{"line":325,"column":8},"end":{"line":334,"column":null}},"170":{"start":{"line":326,"column":4},"end":{"line":326,"column":null}},"171":{"start":{"line":327,"column":4},"end":{"line":327,"column":null}},"172":{"start":{"line":328,"column":4},"end":{"line":328,"column":null}},"173":{"start":{"line":329,"column":4},"end":{"line":329,"column":null}},"174":{"start":{"line":330,"column":4},"end":{"line":330,"column":null}},"175":{"start":{"line":331,"column":4},"end":{"line":331,"column":null}},"176":{"start":{"line":332,"column":4},"end":{"line":332,"column":null}},"177":{"start":{"line":333,"column":4},"end":{"line":333,"column":null}},"178":{"start":{"line":336,"column":27},"end":{"line":363,"column":null}},"179":{"start":{"line":337,"column":4},"end":{"line":340,"column":null}},"180":{"start":{"line":338,"column":6},"end":{"line":338,"column":null}},"181":{"start":{"line":339,"column":6},"end":{"line":339,"column":null}},"182":{"start":{"line":342,"column":20},"end":{"line":348,"column":null}},"183":{"start":{"line":350,"column":4},"end":{"line":362,"column":null}},"184":{"start":{"line":351,"column":6},"end":{"line":357,"column":null}},"185":{"start":{"line":352,"column":8},"end":{"line":352,"column":null}},"186":{"start":{"line":353,"column":8},"end":{"line":353,"column":null}},"187":{"start":{"line":355,"column":8},"end":{"line":355,"column":null}},"188":{"start":{"line":356,"column":8},"end":{"line":356,"column":null}},"189":{"start":{"line":358,"column":6},"end":{"line":358,"column":null}},"190":{"start":{"line":359,"column":6},"end":{"line":359,"column":null}},"191":{"start":{"line":361,"column":6},"end":{"line":361,"column":null}},"192":{"start":{"line":365,"column":8},"end":{"line":378,"column":null}},"193":{"start":{"line":366,"column":4},"end":{"line":377,"column":null}},"194":{"start":{"line":369,"column":8},"end":{"line":375,"column":null}},"195":{"start":{"line":370,"column":10},"end":{"line":370,"column":null}},"196":{"start":{"line":371,"column":10},"end":{"line":371,"column":null}},"197":{"start":{"line":372,"column":10},"end":{"line":372,"column":null}},"198":{"start":{"line":374,"column":10},"end":{"line":374,"column":null}},"199":{"start":{"line":380,"column":30},"end":{"line":384,"column":null}},"200":{"start":{"line":381,"column":4},"end":{"line":381,"column":null}},"201":{"start":{"line":381,"column":37},"end":{"line":381,"column":null}},"202":{"start":{"line":382,"column":4},"end":{"line":382,"column":null}},"203":{"start":{"line":382,"column":39},"end":{"line":382,"column":null}},"204":{"start":{"line":383,"column":4},"end":{"line":383,"column":null}},"205":{"start":{"line":386,"column":2},"end":{"line":882,"column":null}},"206":{"start":{"line":422,"column":25},"end":{"line":422,"column":null}},"207":{"start":{"line":428,"column":25},"end":{"line":428,"column":null}},"208":{"start":{"line":434,"column":25},"end":{"line":434,"column":null}},"209":{"start":{"line":447,"column":31},"end":{"line":447,"column":null}},"210":{"start":{"line":453,"column":31},"end":{"line":453,"column":null}},"211":{"start":{"line":469,"column":16},"end":{"line":518,"column":null}},"212":{"start":{"line":492,"column":24},"end":{"line":495,"column":null}},"213":{"start":{"line":492,"column":52},"end":{"line":495,"column":26}},"214":{"start":{"line":506,"column":37},"end":{"line":506,"column":null}},"215":{"start":{"line":513,"column":37},"end":{"line":513,"column":null}},"216":{"start":{"line":534,"column":16},"end":{"line":534,"column":null}},"217":{"start":{"line":535,"column":16},"end":{"line":535,"column":null}},"218":{"start":{"line":542,"column":31},"end":{"line":542,"column":null}},"219":{"start":{"line":561,"column":16},"end":{"line":616,"column":null}},"220":{"start":{"line":590,"column":37},"end":{"line":590,"column":null}},"221":{"start":{"line":597,"column":37},"end":{"line":597,"column":null}},"222":{"start":{"line":604,"column":37},"end":{"line":604,"column":null}},"223":{"start":{"line":611,"column":37},"end":{"line":611,"column":null}},"224":{"start":{"line":639,"column":16},"end":{"line":668,"column":null}},"225":{"start":{"line":657,"column":37},"end":{"line":657,"column":null}},"226":{"start":{"line":663,"column":37},"end":{"line":663,"column":null}},"227":{"start":{"line":684,"column":31},"end":{"line":684,"column":null}},"228":{"start":{"line":697,"column":35},"end":{"line":697,"column":null}},"229":{"start":{"line":708,"column":35},"end":{"line":708,"column":null}},"230":{"start":{"line":719,"column":37},"end":{"line":719,"column":null}},"231":{"start":{"line":730,"column":37},"end":{"line":730,"column":null}},"232":{"start":{"line":740,"column":35},"end":{"line":740,"column":null}},"233":{"start":{"line":744,"column":20},"end":{"line":746,"column":null}},"234":{"start":{"line":755,"column":35},"end":{"line":755,"column":null}},"235":{"start":{"line":762,"column":66},"end":{"line":762,"column":null}},"236":{"start":{"line":782,"column":31},"end":{"line":782,"column":null}},"237":{"start":{"line":795,"column":35},"end":{"line":795,"column":null}},"238":{"start":{"line":806,"column":35},"end":{"line":806,"column":null}},"239":{"start":{"line":819,"column":37},"end":{"line":819,"column":null}},"240":{"start":{"line":829,"column":37},"end":{"line":829,"column":null}},"241":{"start":{"line":841,"column":37},"end":{"line":841,"column":null}},"242":{"start":{"line":845,"column":22},"end":{"line":853,"column":null}},"243":{"start":{"line":850,"column":39},"end":{"line":850,"column":null}},"244":{"start":{"line":861,"column":66},"end":{"line":861,"column":null}},"245":{"start":{"line":875,"column":26},"end":{"line":875,"column":null}},"246":{"start":{"line":877,"column":12},"end":{"line":877,"column":null}},"247":{"start":{"line":878,"column":12},"end":{"line":878,"column":null}}},"fnMap":{"0":{"name":"AdminPanelScreen","decl":{"start":{"line":56,"column":16},"end":{"line":56,"column":33}},"loc":{"start":{"line":56,"column":72},"end":{"line":884,"column":null}},"line":56},"1":{"name":"(anonymous_1)","decl":{"start":{"line":97,"column":39},"end":{"line":97,"column":51}},"loc":{"start":{"line":97,"column":51},"end":{"line":117,"column":5}},"line":97},"2":{"name":"(anonymous_2)","decl":{"start":{"line":119,"column":33},"end":{"line":119,"column":45}},"loc":{"start":{"line":119,"column":45},"end":{"line":126,"column":5}},"line":119},"3":{"name":"(anonymous_3)","decl":{"start":{"line":128,"column":33},"end":{"line":128,"column":45}},"loc":{"start":{"line":128,"column":45},"end":{"line":144,"column":5}},"line":128},"4":{"name":"(anonymous_4)","decl":{"start":{"line":134,"column":15},"end":{"line":134,"column":24}},"loc":{"start":{"line":134,"column":41},"end":{"line":136,"column":7}},"line":134},"5":{"name":"(anonymous_5)","decl":{"start":{"line":146,"column":39},"end":{"line":146,"column":46}},"loc":{"start":{"line":146,"column":66},"end":{"line":157,"column":5}},"line":146},"6":{"name":"(anonymous_6)","decl":{"start":{"line":159,"column":35},"end":{"line":159,"column":47}},"loc":{"start":{"line":159,"column":47},"end":{"line":170,"column":5}},"line":159},"7":{"name":"(anonymous_7)","decl":{"start":{"line":172,"column":2},"end":{"line":172,"column":18}},"loc":{"start":{"line":172,"column":18},"end":{"line":184,"column":5}},"line":172},"8":{"name":"(anonymous_8)","decl":{"start":{"line":173,"column":23},"end":{"line":173,"column":29}},"loc":{"start":{"line":173,"column":43},"end":{"line":183,"column":5}},"line":173},"9":{"name":"(anonymous_9)","decl":{"start":{"line":186,"column":27},"end":{"line":186,"column":34}},"loc":{"start":{"line":186,"column":53},"end":{"line":195,"column":null}},"line":186},"10":{"name":"(anonymous_10)","decl":{"start":{"line":197,"column":8},"end":{"line":197,"column":28}},"loc":{"start":{"line":197,"column":48},"end":{"line":211,"column":null}},"line":197},"11":{"name":"(anonymous_11)","decl":{"start":{"line":200,"column":14},"end":{"line":200,"column":26}},"loc":{"start":{"line":200,"column":26},"end":{"line":209,"column":null}},"line":200},"12":{"name":"(anonymous_12)","decl":{"start":{"line":213,"column":33},"end":{"line":213,"column":40}},"loc":{"start":{"line":213,"column":63},"end":{"line":228,"column":null}},"line":213},"13":{"name":"(anonymous_13)","decl":{"start":{"line":230,"column":8},"end":{"line":230,"column":33}},"loc":{"start":{"line":230,"column":33},"end":{"line":240,"column":null}},"line":230},"14":{"name":"(anonymous_14)","decl":{"start":{"line":242,"column":8},"end":{"line":242,"column":29}},"loc":{"start":{"line":242,"column":52},"end":{"line":252,"column":null}},"line":242},"15":{"name":"(anonymous_15)","decl":{"start":{"line":254,"column":31},"end":{"line":254,"column":43}},"loc":{"start":{"line":254,"column":43},"end":{"line":284,"column":null}},"line":254},"16":{"name":"(anonymous_16)","decl":{"start":{"line":286,"column":8},"end":{"line":286,"column":34}},"loc":{"start":{"line":286,"column":57},"end":{"line":300,"column":null}},"line":286},"17":{"name":"(anonymous_17)","decl":{"start":{"line":289,"column":14},"end":{"line":289,"column":26}},"loc":{"start":{"line":289,"column":26},"end":{"line":298,"column":null}},"line":289},"18":{"name":"(anonymous_18)","decl":{"start":{"line":302,"column":8},"end":{"line":302,"column":32}},"loc":{"start":{"line":302,"column":55},"end":{"line":312,"column":null}},"line":302},"19":{"name":"(anonymous_19)","decl":{"start":{"line":314,"column":8},"end":{"line":314,"column":35}},"loc":{"start":{"line":314,"column":35},"end":{"line":323,"column":null}},"line":314},"20":{"name":"(anonymous_20)","decl":{"start":{"line":325,"column":8},"end":{"line":325,"column":31}},"loc":{"start":{"line":325,"column":55},"end":{"line":334,"column":null}},"line":325},"21":{"name":"(anonymous_21)","decl":{"start":{"line":336,"column":27},"end":{"line":336,"column":39}},"loc":{"start":{"line":336,"column":39},"end":{"line":363,"column":null}},"line":336},"22":{"name":"(anonymous_22)","decl":{"start":{"line":365,"column":8},"end":{"line":365,"column":30}},"loc":{"start":{"line":365,"column":54},"end":{"line":378,"column":null}},"line":365},"23":{"name":"(anonymous_23)","decl":{"start":{"line":368,"column":14},"end":{"line":368,"column":26}},"loc":{"start":{"line":368,"column":26},"end":{"line":376,"column":null}},"line":368},"24":{"name":"(anonymous_24)","decl":{"start":{"line":380,"column":42},"end":{"line":380,"column":50}},"loc":{"start":{"line":380,"column":56},"end":{"line":384,"column":3}},"line":380},"25":{"name":"(anonymous_25)","decl":{"start":{"line":422,"column":10},"end":{"line":422,"column":25}},"loc":{"start":{"line":422,"column":25},"end":{"line":422,"column":null}},"line":422},"26":{"name":"(anonymous_26)","decl":{"start":{"line":428,"column":10},"end":{"line":428,"column":25}},"loc":{"start":{"line":428,"column":25},"end":{"line":428,"column":null}},"line":428},"27":{"name":"(anonymous_27)","decl":{"start":{"line":434,"column":10},"end":{"line":434,"column":25}},"loc":{"start":{"line":434,"column":25},"end":{"line":434,"column":null}},"line":434},"28":{"name":"(anonymous_28)","decl":{"start":{"line":447,"column":14},"end":{"line":447,"column":25}},"loc":{"start":{"line":447,"column":31},"end":{"line":447,"column":null}},"line":447},"29":{"name":"(anonymous_29)","decl":{"start":{"line":453,"column":14},"end":{"line":453,"column":25}},"loc":{"start":{"line":453,"column":31},"end":{"line":453,"column":null}},"line":453},"30":{"name":"(anonymous_30)","decl":{"start":{"line":468,"column":21},"end":{"line":468,"column":26}},"loc":{"start":{"line":469,"column":16},"end":{"line":518,"column":null}},"line":469},"31":{"name":"(anonymous_31)","decl":{"start":{"line":491,"column":22},"end":{"line":491,"column":33}},"loc":{"start":{"line":492,"column":24},"end":{"line":495,"column":null}},"line":492},"32":{"name":"(anonymous_32)","decl":{"start":{"line":492,"column":24},"end":{"line":492,"column":42}},"loc":{"start":{"line":492,"column":52},"end":{"line":495,"column":26}},"line":492},"33":{"name":"(anonymous_33)","decl":{"start":{"line":506,"column":22},"end":{"line":506,"column":37}},"loc":{"start":{"line":506,"column":37},"end":{"line":506,"column":null}},"line":506},"34":{"name":"(anonymous_34)","decl":{"start":{"line":513,"column":22},"end":{"line":513,"column":37}},"loc":{"start":{"line":513,"column":37},"end":{"line":513,"column":null}},"line":513},"35":{"name":"(anonymous_35)","decl":{"start":{"line":533,"column":14},"end":{"line":533,"column":25}},"loc":{"start":{"line":533,"column":31},"end":{"line":536,"column":null}},"line":533},"36":{"name":"(anonymous_36)","decl":{"start":{"line":542,"column":14},"end":{"line":542,"column":25}},"loc":{"start":{"line":542,"column":31},"end":{"line":542,"column":null}},"line":542},"37":{"name":"(anonymous_37)","decl":{"start":{"line":560,"column":35},"end":{"line":560,"column":40}},"loc":{"start":{"line":561,"column":16},"end":{"line":616,"column":null}},"line":561},"38":{"name":"(anonymous_38)","decl":{"start":{"line":590,"column":22},"end":{"line":590,"column":37}},"loc":{"start":{"line":590,"column":37},"end":{"line":590,"column":null}},"line":590},"39":{"name":"(anonymous_39)","decl":{"start":{"line":597,"column":22},"end":{"line":597,"column":37}},"loc":{"start":{"line":597,"column":37},"end":{"line":597,"column":null}},"line":597},"40":{"name":"(anonymous_40)","decl":{"start":{"line":604,"column":22},"end":{"line":604,"column":37}},"loc":{"start":{"line":604,"column":37},"end":{"line":604,"column":null}},"line":604},"41":{"name":"(anonymous_41)","decl":{"start":{"line":611,"column":22},"end":{"line":611,"column":37}},"loc":{"start":{"line":611,"column":37},"end":{"line":611,"column":null}},"line":611},"42":{"name":"(anonymous_42)","decl":{"start":{"line":638,"column":23},"end":{"line":638,"column":28}},"loc":{"start":{"line":639,"column":16},"end":{"line":668,"column":null}},"line":639},"43":{"name":"(anonymous_43)","decl":{"start":{"line":657,"column":22},"end":{"line":657,"column":37}},"loc":{"start":{"line":657,"column":37},"end":{"line":657,"column":null}},"line":657},"44":{"name":"(anonymous_44)","decl":{"start":{"line":663,"column":22},"end":{"line":663,"column":37}},"loc":{"start":{"line":663,"column":37},"end":{"line":663,"column":null}},"line":663},"45":{"name":"(anonymous_45)","decl":{"start":{"line":684,"column":16},"end":{"line":684,"column":31}},"loc":{"start":{"line":684,"column":31},"end":{"line":684,"column":null}},"line":684},"46":{"name":"(anonymous_46)","decl":{"start":{"line":697,"column":18},"end":{"line":697,"column":29}},"loc":{"start":{"line":697,"column":35},"end":{"line":697,"column":null}},"line":697},"47":{"name":"(anonymous_47)","decl":{"start":{"line":708,"column":18},"end":{"line":708,"column":29}},"loc":{"start":{"line":708,"column":35},"end":{"line":708,"column":null}},"line":708},"48":{"name":"(anonymous_48)","decl":{"start":{"line":719,"column":20},"end":{"line":719,"column":31}},"loc":{"start":{"line":719,"column":37},"end":{"line":719,"column":null}},"line":719},"49":{"name":"(anonymous_49)","decl":{"start":{"line":730,"column":20},"end":{"line":730,"column":31}},"loc":{"start":{"line":730,"column":37},"end":{"line":730,"column":null}},"line":730},"50":{"name":"(anonymous_50)","decl":{"start":{"line":740,"column":18},"end":{"line":740,"column":29}},"loc":{"start":{"line":740,"column":35},"end":{"line":740,"column":null}},"line":740},"51":{"name":"(anonymous_51)","decl":{"start":{"line":743,"column":25},"end":{"line":743,"column":30}},"loc":{"start":{"line":744,"column":20},"end":{"line":746,"column":null}},"line":744},"52":{"name":"(anonymous_52)","decl":{"start":{"line":755,"column":18},"end":{"line":755,"column":29}},"loc":{"start":{"line":755,"column":35},"end":{"line":755,"column":null}},"line":755},"53":{"name":"(anonymous_53)","decl":{"start":{"line":762,"column":51},"end":{"line":762,"column":66}},"loc":{"start":{"line":762,"column":66},"end":{"line":762,"column":null}},"line":762},"54":{"name":"(anonymous_54)","decl":{"start":{"line":782,"column":16},"end":{"line":782,"column":31}},"loc":{"start":{"line":782,"column":31},"end":{"line":782,"column":null}},"line":782},"55":{"name":"(anonymous_55)","decl":{"start":{"line":795,"column":18},"end":{"line":795,"column":29}},"loc":{"start":{"line":795,"column":35},"end":{"line":795,"column":null}},"line":795},"56":{"name":"(anonymous_56)","decl":{"start":{"line":806,"column":18},"end":{"line":806,"column":29}},"loc":{"start":{"line":806,"column":35},"end":{"line":806,"column":null}},"line":806},"57":{"name":"(anonymous_57)","decl":{"start":{"line":819,"column":20},"end":{"line":819,"column":31}},"loc":{"start":{"line":819,"column":37},"end":{"line":819,"column":null}},"line":819},"58":{"name":"(anonymous_58)","decl":{"start":{"line":829,"column":20},"end":{"line":829,"column":31}},"loc":{"start":{"line":829,"column":37},"end":{"line":829,"column":null}},"line":829},"59":{"name":"(anonymous_59)","decl":{"start":{"line":841,"column":20},"end":{"line":841,"column":31}},"loc":{"start":{"line":841,"column":37},"end":{"line":841,"column":null}},"line":841},"60":{"name":"(anonymous_60)","decl":{"start":{"line":844,"column":75},"end":{"line":844,"column":80}},"loc":{"start":{"line":845,"column":22},"end":{"line":853,"column":null}},"line":845},"61":{"name":"(anonymous_61)","decl":{"start":{"line":850,"column":24},"end":{"line":850,"column":39}},"loc":{"start":{"line":850,"column":39},"end":{"line":850,"column":null}},"line":850},"62":{"name":"(anonymous_62)","decl":{"start":{"line":861,"column":51},"end":{"line":861,"column":66}},"loc":{"start":{"line":861,"column":66},"end":{"line":861,"column":null}},"line":861},"63":{"name":"(anonymous_63)","decl":{"start":{"line":875,"column":10},"end":{"line":875,"column":26}},"loc":{"start":{"line":875,"column":26},"end":{"line":875,"column":null}},"line":875},"64":{"name":"(anonymous_64)","decl":{"start":{"line":876,"column":10},"end":{"line":876,"column":27}},"loc":{"start":{"line":876,"column":27},"end":{"line":879,"column":null}},"line":876}},"branchMap":{"0":{"loc":{"start":{"line":99,"column":4},"end":{"line":103,"column":null}},"type":"if","locations":[{"start":{"line":99,"column":4},"end":{"line":103,"column":null}},{"start":{},"end":{}}],"line":99},"1":{"loc":{"start":{"line":107,"column":6},"end":{"line":111,"column":null}},"type":"if","locations":[{"start":{"line":107,"column":6},"end":{"line":111,"column":null}},{"start":{},"end":{}}],"line":107},"2":{"loc":{"start":{"line":131,"column":45},"end":{"line":131,"column":71}},"type":"binary-expr","locations":[{"start":{"line":131,"column":45},"end":{"line":131,"column":60}},{"start":{"line":131,"column":60},"end":{"line":131,"column":71}}],"line":131},"3":{"loc":{"start":{"line":131,"column":71},"end":{"line":131,"column":110}},"type":"cond-expr","locations":[{"start":{"line":131,"column":88},"end":{"line":131,"column":101}},{"start":{"line":131,"column":101},"end":{"line":131,"column":110}}],"line":131},"4":{"loc":{"start":{"line":140,"column":13},"end":{"line":140,"column":75}},"type":"binary-expr","locations":[{"start":{"line":140,"column":13},"end":{"line":140,"column":43}},{"start":{"line":140,"column":43},"end":{"line":140,"column":75}}],"line":140},"5":{"loc":{"start":{"line":149,"column":51},"end":{"line":149,"column":98}},"type":"cond-expr","locations":[{"start":{"line":149,"column":74},"end":{"line":149,"column":83}},{"start":{"line":149,"column":83},"end":{"line":149,"column":98}}],"line":149},"6":{"loc":{"start":{"line":153,"column":13},"end":{"line":153,"column":74}},"type":"binary-expr","locations":[{"start":{"line":153,"column":13},"end":{"line":153,"column":43}},{"start":{"line":153,"column":43},"end":{"line":153,"column":74}}],"line":153},"7":{"loc":{"start":{"line":166,"column":13},"end":{"line":166,"column":77}},"type":"binary-expr","locations":[{"start":{"line":166,"column":13},"end":{"line":166,"column":43}},{"start":{"line":166,"column":43},"end":{"line":166,"column":77}}],"line":166},"8":{"loc":{"start":{"line":174,"column":6},"end":{"line":182,"column":null}},"type":"if","locations":[{"start":{"line":174,"column":6},"end":{"line":182,"column":null}},{"start":{},"end":{}}],"line":174},"9":{"loc":{"start":{"line":176,"column":8},"end":{"line":181,"column":null}},"type":"if","locations":[{"start":{"line":176,"column":8},"end":{"line":181,"column":null}},{"start":{"line":177,"column":13},"end":{"line":181,"column":null}}],"line":176},"10":{"loc":{"start":{"line":177,"column":13},"end":{"line":181,"column":null}},"type":"if","locations":[{"start":{"line":177,"column":13},"end":{"line":181,"column":null}},{"start":{"line":181,"column":13},"end":{"line":181,"column":null}}],"line":177},"11":{"loc":{"start":{"line":179,"column":10},"end":{"line":179,"column":null}},"type":"if","locations":[{"start":{"line":179,"column":10},"end":{"line":179,"column":null}},{"start":{},"end":{}}],"line":179},"12":{"loc":{"start":{"line":181,"column":13},"end":{"line":181,"column":null}},"type":"if","locations":[{"start":{"line":181,"column":13},"end":{"line":181,"column":null}},{"start":{},"end":{}}],"line":181},"13":{"loc":{"start":{"line":193,"column":13},"end":{"line":193,"column":72}},"type":"binary-expr","locations":[{"start":{"line":193,"column":13},"end":{"line":193,"column":43}},{"start":{"line":193,"column":43},"end":{"line":193,"column":72}}],"line":193},"14":{"loc":{"start":{"line":207,"column":17},"end":{"line":207,"column":85}},"type":"binary-expr","locations":[{"start":{"line":207,"column":17},"end":{"line":207,"column":47}},{"start":{"line":207,"column":47},"end":{"line":207,"column":85}}],"line":207},"15":{"loc":{"start":{"line":217,"column":14},"end":{"line":217,"column":null}},"type":"binary-expr","locations":[{"start":{"line":217,"column":14},"end":{"line":217,"column":24}},{"start":{"line":217,"column":24},"end":{"line":217,"column":null}}],"line":217},"16":{"loc":{"start":{"line":218,"column":15},"end":{"line":218,"column":n
[...]
,"C:\\Users\\plmin\\Desktop\\doroProjekt\\Frontend\\src\\components\\SettingsScreen.tsx": {"path":"C:\\Users\\plmin\\Desktop\\doroProjekt\\Frontend\\src\\components\\SettingsScreen.tsx","statementMap":{"0":{"start":{"line":11,"column":24},"end":{"line":11,"column":39}},"1":{"start":{"line":12,"column":36},"end":{"line":12,"column":null}},"2":{"start":{"line":14,"column":4},"end":{"line":24,"column":null}},"3":{"start":{"line":15,"column":27},"end":{"line":15,"column":null}},"4":{"start":{"line":17,"column":8},"end":{"line":23,"column":null}},"5":{"start":{"line":18,"column":12},"end":{"line":18,"column":null}},"6":{"start":{"line":19,"column":12},"end":{"line":19,"column":null}},"7":{"start":{"line":21,"column":12},"end":{"line":21,"column":null}},"8":{"start":{"line":22,"column":12},"end":{"line":22,"column":null}},"9":{"start":{"line":26,"column":10},"end":{"line":37,"column":null}},"10":{"start":{"line":27,"column":25},"end":{"line":27,"column":null}},"11":{"start":{"line":28,"column":8},"end":{"line":28,"column":null}},"12":{"start":{"line":30,"column":8},"end":{"line":36,"column":null}},"13":{"start":{"line":31,"column":12},"end":{"line":31,"column":null}},"14":{"start":{"line":32,"column":12},"end":{"line":32,"column":null}},"15":{"start":{"line":34,"column":12},"end":{"line":34,"column":null}},"16":{"start":{"line":35,"column":12},"end":{"line":35,"column":null}},"17":{"start":{"line":39,"column":4},"end":{"line":81,"column":null}},"18":{"start":{"line":73,"column":41},"end":{"line":73,"column":null}}},"fnMap":{"0":{"name":"SettingsScreen","decl":{"start":{"line":10,"column":16},"end":{"line":10,"column":31}},"loc":{"start":{"line":10,"column":68},"end":{"line":83,"column":null}},"line":10},"1":{"name":"(anonymous_1)","decl":{"start":{"line":14,"column":4},"end":{"line":14,"column":20}},"loc":{"start":{"line":14,"column":20},"end":{"line":24,"column":7}},"line":14},"2":{"name":"(anonymous_2)","decl":{"start":{"line":26,"column":10},"end":{"line":26,"column":36}},"loc":{"start":{"line":26,"column":36},"end":{"line":37,"column":null}},"line":26},"3":{"name":"(anonymous_3)","decl":{"start":{"line":73,"column":24},"end":{"line":73,"column":35}},"loc":{"start":{"line":73,"column":41},"end":{"line":73,"column":null}},"line":73}},"branchMap":{"0":{"loc":{"start":{"line":17,"column":8},"end":{"line":23,"column":null}},"type":"if","locations":[{"start":{"line":17,"column":8},"end":{"line":23,"column":null}},{"start":{"line":20,"column":15},"end":{"line":23,"column":null}}],"line":17},"1":{"loc":{"start":{"line":30,"column":8},"end":{"line":36,"column":null}},"type":"if","locations":[{"start":{"line":30,"column":8},"end":{"line":36,"column":null}},{"start":{"line":33,"column":15},"end":{"line":36,"column":null}}],"line":30}},"s":{"0":9,"1":9,"2":9,"3":3,"4":3,"5":0,"6":0,"7":3,"8":3,"9":9,"10":2,"11":2,"12":2,"13":1,"14":1,"15":1,"16":1,"17":9,"18":2},"f":{"0":9,"1":3,"2":2,"3":2},"b":{"0":[0,3],"1":[1,1]},"meta":{"lastBranch":2,"lastFunction":4,"lastStatement":19,"seen":{"f:10:16:10:31":0,"s:11:24:11:39":0,"s:12:36:12:Infinity":1,"s:14:4:24:Infinity":2,"f:14:4:14:20":1,"s:15:27:15:Infinity":3,"b:17:8:23:Infinity:20:15:23:Infinity":0,"s:17:8:23:Infinity":4,"s:18:12:18:Infinity":5,"s:19:12:19:Infinity":6,"s:21:12:21:Infinity":7,"s:22:12:22:Infinity":8,"s:26:10:37:Infinity":9,"f:26:10:26:36":2,"s:27:25:27:Infinity":10,"s:28:8:28:Infinity":11,"b:30:8:36:Infinity:33:15:36:Infinity":1,"s:30:8:36:Infinity":12,"s:31:12:31:Infinity":13,"s:32:12:32:Infinity":14,"s:34:12:34:Infinity":15,"s:35:12:35:Infinity":16,"s:39:4:81:Infinity":17,"f:73:24:73:35":3,"s:73:41:73:Infinity":18},"fnNames":{}}}
,"C:\\Users\\plmin\\Desktop\\doroProjekt\\Frontend\\src\\components\\TopBar.tsx": {"path":"C:\\Users\\plmin\\Desktop\\doroProjekt\\Frontend\\src\\components\\TopBar.tsx","statementMap":{"0":{"start":{"line":11,"column":58},"end":{"line":17,"column":null}},"1":{"start":{"line":20,"column":16},"end":{"line":20,"column":31}},"2":{"start":{"line":21,"column":30},"end":{"line":21,"column":null}},"3":{"start":{"line":22,"column":30},"end":{"line":22,"column":null}},"4":{"start":{"line":23,"column":38},"end":{"line":23,"column":null}},"5":{"start":{"line":24,"column":28},"end":{"line":24,"column":null}},"6":{"start":{"line":25,"column":34},"end":{"line":25,"column":null}},"7":{"start":{"line":27,"column":18},"end":{"line":27,"column":null}},"8":{"start":{"line":29,"column":2},"end":{"line":38,"column":null}},"9":{"start":{"line":30,"column":10},"end":{"line":34,"column":null}},"10":{"start":{"line":31,"column":6},"end":{"line":33,"column":null}},"11":{"start":{"line":32,"column":8},"end":{"line":32,"column":null}},"12":{"start":{"line":36,"column":4},"end":{"line":36,"column":null}},"13":{"start":{"line":37,"column":4},"end":{"line":37,"column":null}},"14":{"start":{"line":37,"column":17},"end":{"line":37,"column":null}},"15":{"start":{"line":40,"column":2},"end":{"line":89,"column":null}},"16":{"start":{"line":41,"column":10},"end":{"line":78,"column":null}},"17":{"start":{"line":42,"column":21},"end":{"line":42,"column":null}},"18":{"start":{"line":44,"column":6},"end":{"line":50,"column":null}},"19":{"start":{"line":45,"column":8},"end":{"line":45,"column":null}},"20":{"start":{"line":46,"column":8},"end":{"line":46,"column":null}},"21":{"start":{"line":47,"column":8},"end":{"line":47,"column":null}},"22":{"start":{"line":48,"column":8},"end":{"line":48,"column":null}},"23":{"start":{"line":49,"column":8},"end":{"line":49,"column":null}},"24":{"start":{"line":52,"column":6},"end":{"line":59,"column":null}},"25":{"start":{"line":54,"column":23},"end":{"line":54,"column":null}},"26":{"start":{"line":55,"column":33},"end":{"line":55,"column":null}},"27":{"start":{"line":56,"column":10},"end":{"line":56,"column":null}},"28":{"start":{"line":57,"column":10},"end":{"line":57,"column":null}},"29":{"start":{"line":59,"column":24},"end":{"line":59,"column":42}},"30":{"start":{"line":61,"column":6},"end":{"line":66,"column":null}},"31":{"start":{"line":63,"column":23},"end":{"line":63,"column":null}},"32":{"start":{"line":64,"column":10},"end":{"line":64,"column":null}},"33":{"start":{"line":66,"column":24},"end":{"line":66,"column":42}},"34":{"start":{"line":68,"column":6},"end":{"line":77,"column":null}},"35":{"start":{"line":70,"column":23},"end":{"line":70,"column":null}},"36":{"start":{"line":71,"column":10},"end":{"line":71,"column":null}},"37":{"start":{"line":72,"column":10},"end":{"line":75,"column":null}},"38":{"start":{"line":73,"column":12},"end":{"line":73,"column":null}},"39":{"start":{"line":74,"column":12},"end":{"line":74,"column":null}},"40":{"start":{"line":77,"column":24},"end":{"line":77,"column":42}},"41":{"start":{"line":80,"column":4},"end":{"line":80,"column":null}},"42":{"start":{"line":82,"column":4},"end":{"line":82,"column":null}},"43":{"start":{"line":83,"column":4},"end":{"line":83,"column":null}},"44":{"start":{"line":85,"column":4},"end":{"line":88,"column":null}},"45":{"start":{"line":86,"column":6},"end":{"line":86,"column":null}},"46":{"start":{"line":87,"column":6},"end":{"line":87,"column":null}},"47":{"start":{"line":91,"column":8},"end":{"line":94,"column":null}},"48":{"start":{"line":92,"column":4},"end":{"line":92,"column":null}},"49":{"start":{"line":93,"column":4},"end":{"line":93,"column":null}},"50":{"start":{"line":96,"column":27},"end":{"line":99,"column":null}},"51":{"start":{"line":101,"column":2},"end":{"line":155,"column":null}},"52":{"start":{"line":106,"column":77},"end":{"line":106,"column":null}},"53":{"start":{"line":106,"column":98},"end":{"line":106,"column":104}},"54":{"start":{"line":115,"column":18},"end":{"line":117,"column":null}},"55":{"start":{"line":115,"column":85},"end":{"line":115,"column":null}},"56":{"start":{"line":127,"column":81},"end":{"line":127,"column":null}},"57":{"start":{"line":141,"column":57},"end":{"line":141,"column":null}},"58":{"start":{"line":148,"column":16},"end":{"line":148,"column":null}},"59":{"start":{"line":148,"column":28},"end":{"line":148,"column":null}}},"fnMap":{"0":{"name":"TopBar","decl":{"start":{"line":19,"column":16},"end":{"line":19,"column":23}},"loc":{"start":{"line":19,"column":72},"end":{"line":157,"column":null}},"line":19},"1":{"name":"(anonymous_1)","decl":{"start":{"line":29,"column":2},"end":{"line":29,"column":18}},"loc":{"start":{"line":29,"column":18},"end":{"line":38,"column":5}},"line":29},"2":{"name":"(anonymous_2)","decl":{"start":{"line":30,"column":10},"end":{"line":30,"column":32}},"loc":{"start":{"line":30,"column":54},"end":{"line":34,"column":null}},"line":30},"3":{"name":"(anonymous_3)","decl":{"start":{"line":37,"column":4},"end":{"line":37,"column":17}},"loc":{"start":{"line":37,"column":17},"end":{"line":37,"column":null}},"line":37},"4":{"name":"(anonymous_4)","decl":{"start":{"line":40,"column":2},"end":{"line":40,"column":18}},"loc":{"start":{"line":40,"column":18},"end":{"line":89,"column":5}},"line":40},"5":{"name":"(anonymous_5)","decl":{"start":{"line":41,"column":10},"end":{"line":41,"column":34}},"loc":{"start":{"line":41,"column":34},"end":{"line":78,"column":null}},"line":41},"6":{"name":"(anonymous_6)","decl":{"start":{"line":53,"column":9},"end":{"line":53,"column":15}},"loc":{"start":{"line":53,"column":28},"end":{"line":58,"column":9}},"line":53},"7":{"name":"(anonymous_7)","decl":{"start":{"line":59,"column":9},"end":{"line":59,"column":16}},"loc":{"start":{"line":59,"column":24},"end":{"line":59,"column":42}},"line":59},"8":{"name":"(anonymous_8)","decl":{"start":{"line":62,"column":9},"end":{"line":62,"column":15}},"loc":{"start":{"line":62,"column":28},"end":{"line":65,"column":9}},"line":62},"9":{"name":"(anonymous_9)","decl":{"start":{"line":66,"column":9},"end":{"line":66,"column":16}},"loc":{"start":{"line":66,"column":24},"end":{"line":66,"column":42}},"line":66},"10":{"name":"(anonymous_10)","decl":{"start":{"line":69,"column":9},"end":{"line":69,"column":15}},"loc":{"start":{"line":69,"column":28},"end":{"line":76,"column":9}},"line":69},"11":{"name":"(anonymous_11)","decl":{"start":{"line":77,"column":9},"end":{"line":77,"column":16}},"loc":{"start":{"line":77,"column":24},"end":{"line":77,"column":42}},"line":77},"12":{"name":"(anonymous_12)","decl":{"start":{"line":85,"column":4},"end":{"line":85,"column":17}},"loc":{"start":{"line":85,"column":17},"end":{"line":88,"column":null}},"line":85},"13":{"name":"(anonymous_13)","decl":{"start":{"line":91,"column":8},"end":{"line":91,"column":26}},"loc":{"start":{"line":91,"column":45},"end":{"line":94,"column":null}},"line":91},"14":{"name":"(anonymous_14)","decl":{"start":{"line":106,"column":62},"end":{"line":106,"column":77}},"loc":{"start":{"line":106,"column":77},"end":{"line":106,"column":null}},"line":106},"15":{"name":"(anonymous_15)","decl":{"start":{"line":106,"column":77},"end":{"line":106,"column":88}},"loc":{"start":{"line":106,"column":98},"end":{"line":106,"column":104}},"line":106},"16":{"name":"(anonymous_16)","decl":{"start":{"line":114,"column":34},"end":{"line":114,"column":39}},"loc":{"start":{"line":115,"column":18},"end":{"line":117,"column":null}},"line":115},"17":{"name":"(anonymous_17)","decl":{"start":{"line":115,"column":70},"end":{"line":115,"column":85}},"loc":{"start":{"line":115,"column":85},"end":{"line":115,"column":null}},"line":115},"18":{"name":"(anonymous_18)","decl":{"start":{"line":127,"column":66},"end":{"line":127,"column":81}},"loc":{"start":{"line":127,"column":81},"end":{"line":127,"column":null}},"line":127},"19":{"name":"(anonymous_19)","decl":{"start":{"line":141,"column":42},"end":{"line":141,"column":57}},"loc":{"start":{"line":141,"column":57},"end":{"line":141,"column":null}},"line":141},"20":{"name":"(anonymous_20)","decl":{"start":{"line":147,"column":12},"end":{"line":147,"column":27}},"loc":{"start":{"line":147,"column":27},"end":{"line":149,"column":null}},"line":147}},"branchMap":{"0":{"loc":{"start":{"line":19,"column":25},"end":{"line":19,"column":45}},"type":"default-arg","locations":[{"start":{"line":19,"column":33},"end":{"line":19,"column":45}}],"line":19},"1":{"loc":{"start":{"line":22,"column":39},"end":{"line":22,"column":76}},"type":"binary-expr","locations":[{"start":{"line":22,"column":39},"end":{"line":22,"column":73}},{"start":{"line":22,"column":73},"end":{"line":22,"column":76}}],"line":22},"2":{"loc":{"start":{"line":25,"column":58},"end":{"line":25,"column":93}},"type":"binary-expr","locations":[{"start":{"line":25,"column":58},"end":{"line":25,"column":90}},{"start":{"line":25,"column":90},"end":{"line":25,"column":93}}],"line":25},"3":{"loc":{"start":{"line":31,"column":6},"end":{"line":33,"column":null}},"type":"if","locations":[{"start":{"line":31,"column":6},"end":{"line":33,"column":null}},{"start":{},"end":{}}],"line":31},"4":{"loc":{"start":{"line":44,"column":6},"end":{"line":50,"column":null}},"type":"if","locations":[{"start":{"line":44,"column":6},"end":{"line":50,"column":null}},{"start":{},"end":{}}],"line":44},"5":{"loc":{"start":{"line":55,"column":40},"end":{"line":55,"column":56}},"type":"binary-expr","locations":[{"start":{"line":55,"column":40},"end":{"line":55,"column":55}},{"start":{"line":55,"column":55},"end":{"line":55,"column":56}}],"line":55},"6":{"loc":{"start":{"line":64,"column":24},"end":{"line":64,"column":38}},"type":"binary-expr","locations":[{"start":{"line":64,"column":24},"end":{"line":64,"column":37}},{"start":{"line":64,"column":37},"end":{"line":64,"column":38}}],"line":64},"7":{"loc":{"start":{"line":71,"column":19},"end":{"line":71,"column":37}},"type":"binary-expr","locations":[{"start":{"line":71,"column":19},"end":{"line":71,"column":33}},{"start":{"line":71,"column":33},"end":{"line":71,"column":37}}],"line":71},"8":{"loc":{"start":{"line":72,"column":10},"end":{"line":75,"column":null}},"type":"if","locations":[{"start":{"line":72,"column":10},"end":{"line":75,"column":null}},{"start":{},"end":{}}],"line":72},"9":{"loc":{"start":{"line":98,"column":8},"end":{"line":98,"column":null}},"type":"cond-expr","locations":[{"start":{"line":98,"column":25},"end":{"line":98,"column":100}},{"start":{"line":98,"column":100},"end":{"line":98,"column":null}}],"line":98},"10":{"loc":{"start":{"line":112,"column":13},"end":{"line":121,"column":null}},"type":"binary-expr","locations":[{"start":{"line":112,"column":13},"end":{"line":112,"column":null}},{"start":{"line":113,"column":14},"end":{"line":121,"column":null}}],"line":112},"11":{"loc":{"start":{"line":146,"column":44},"end":{"line":146,"column":null}},"type":"cond-expr","locations":[{"start":{"line":146,"column":53},"end":{"line":146,"column":67}},{"start":{"line":146,"column":67},"end":{"line":146,"column":null}}],"line":146},"12":{"loc":{"start":{"line":148,"column":16},"end":{"line":148,"column":null}},"type":"if","locations":[{"start":{"line":148,"column":16},"end":{"line":148,"column":null}},{"start":{},"end":{}}],"line":148},"13":{"loc":{"start":{"line":151,"column":13},"end":{"line":151,"column":null}},"type":"cond-expr","locations":[{"start":{"line":151,"column":21},"end":{"line":151,"column":72}},{"start":{"line":151,"column":72},"end":{"line":151,"column":null}}],"line":151}},"s":{"0":1,"1":6,"2":6,"3":6,"4":6,"5":6,"6":6,"7":6,"8":6,"9":3,"10":0,"11":0,"12":3,"13":3,"14":3,"15":6,"16":3,"17":3,"18":3,"19":3,"20":3,"21":3,"22":3,"23":3,"24":0,"25":0,"26":0,"27":0,"28":0,"29":0,"30":0,"31":0,"32":0,"33":0,"34":0,"35":0,"36":0,"37":0,"38":0,"39":0,"40":0,"41":3,"42":3,"43":3,"44":3,"45":3,"46":3,"47":6,"48":1,"49":1,"50":6,"51":6,"52":1,"53":1,"54":10,"55":1,"56":0,"57":1,"58":0,"59":0},"f":{"0":6,"1":3,"2":0,"3":3,"4":3,"5":3,"6":0,"7":0,"8":0,"9":0,"10":0,"11":0,"12":3,"13":1,"14":1,"15":1,"16":10,"17":1,"18":0,"19":1,"20":0},"b":{"0":[6],"1":[6,6],"2":[6,6],"3":[0,0],"4":[3,0],"5":[0,0],"6":[0,0],"7":[0,0],"8":[0,0],"9":[0,6],"10":[6,2],"11":[6,0],"12":[0,0],"13":[0,6]},"meta":{"lastBranch":14,"lastFunction":21,"lastStatement":60,"seen":{"s:11:58:17:Infinity":0,"f:19:16:19:23":0,"b:19:33:19:45":0,"s:20:16:20:31":1,"s:21:30:21:Infinity":2,"s:22:30:22:Infinity":3,"b:22:39:22:73:22:73:22:76":1,"s:23:38:23:Infinity":4,"s:24:28:24:Infinity":5,"s:25:34:25:Infinity":6,"b:25:58:25:90:25:90:25:93":2,"s:27:18:27:Infinity":7,"s:29:2:38:Infinity":8,"f:29:2:29:18":1,"s:30:10:34:Infinity":9,"f:30:10:30:32":2,"b:31:6:33:Infinity:undefined:undefined:undefined:undefined":3,"s:31:6:33:Infinity":10,"s:32:8:32:Infinity":11,"s:36:4:36:Infinity":12,"s:37:4:37:Infinity":13,"f:37:4:37:17":3,"s:37:17:37:Infinity":14,"s:40:2:89:Infinity":15,"f:40:2:40:18":4,"s:41:10:78:Infinity":16,"f:41:10:41:34":5,"s:42:21:42:Infinity":17,"b:44:6:50:Infinity:undefined:undefined:undefined:undefined":4,"s:44:6:50:Infinity":18,"s:45:8:45:Infinity":19,"s:46:8:46:Infinity":20,"s:47:8:47:Infinity":21,"s:48:8:48:Infinity":22,"s:49:8:49:Infinity":23,"s:52:6:59:Infinity":24,"f:53:9:53:15":6,"s:54:23:54:Infinity":25,"s:55:33:55:Infinity":26,"b:55:40:55:55:55:55:55:56":5,"s:56:10:56:Infinity":27,"s:57:10:57:Infinity":28,"f:59:9:59:16":7,"s:59:24:59:42":29,"s:61:6:66:Infinity":30,"f:62:9:62:15":8,"s:63:23:63:Infinity":31,"s:64:10:64:Infinity":32,"b:64:24:64:37:64:37:64:38":6,"f:66:9:66:16":9,"s:66:24:66:42":33,"s:68:6:77:Infinity":34,"f:69:9:69:15":10,"s:70:23:70:Infinity":35,"s:71:10:71:Infinity":36,"b:71:19:71:33:71:33:71:37":7,"b:72:10:75:Infinity:undefined:undefined:undefined:undefined":8,"s:72:10:75:Infinity":37,"s:73:12:73:Infinity":38,"s:74:12:74:Infinity":39,"f:77:9:77:16":11,"s:77:24:77:42":40,"s:80:4:80:Infinity":41,"s:82:4:82:Infinity":42,"s:83:4:83:Infinity":43,"s:85:4:88:Infinity":44,"f:85:4:85:17":12,"s:86:6:86:Infinity":45,"s:87:6:87:Infinity":46,"s:91:8:94:Infinity":47,"f:91:8:91:26":13,"s:92:4:92:Infinity":48,"s:93:4:93:Infinity":49,"s:96:27:99:Infinity":50,"b:98:25:98:100:98:100:98:Infinity":9,"s:101:2:155:Infinity":51,"f:106:62:106:77":14,"s:106:77:106:Infinity":52,"f:106:77:106:88":15,"s:106:98:106:104":53,"b:112:13:112:Infinity:113:14:121:Infinity":10,"f:114:34:114:39":16,"s:115:18:117:Infinity":54,"f:115:70:115:85":17,"s:115:85:115:Infinity":55,"f:127:66:127:81":18,"s:127:81:127:Infinity":56,"f:141:42:141:57":19,"s:141:57:141:Infinity":57,"b:146:53:146:67:146:67:146:Infinity":11,"f:147:12:147:27":20,"b:148:16:148:Infinity:undefined:undefined:undefined:undefined":12,"s:148:16:148:Infinity":58,"s:148:28:148:Infinity":59,"b:151:21:151:72:151:72:151:Infinity":13},"fnNames":{}}}
}
